<hr>Year - 5, Time - 2024-03-09 12:29:57<br> Kael224/(Kael) summon Dante224/(Dante)
<hr>Year - 5, Time - 2024-03-09 12:39:57<br> Kael224/(Kael) sent Kael224/(Kael) to spawn
<hr>Year - 5, Time - 2024-03-09 12:40:06<br> Kael224/(Kael) has observed Dante224/(Dante).
<hr>Year - 5, Time - 2024-03-09 12:40:08<br> Kael224/(Kael) has observed Kael224/(Kael).
<hr>Year - 5, Time - 2024-03-09 12:40:11<br> Kael224/(Kael) summon Dante224/(Dante)
<hr>Year - 5, Time - 2024-03-09 16:14:17<br> () Kael224/(Kael) marked Dante224/(Dante) to Neutral.
<hr>Year - 5, Time - 2024-03-09 16:16:01<br> Kael224/(Kael) used AdminHeal on Kael224/(Kael)
<hr>Year - 5, Time - 2024-03-09 16:22:27<br> Kael224/(Kael) Assessed Kael
<hr>Year - 5, Time - 2024-03-09 16:22:34<br> Kael224/(Kael) Assessed Dante
<hr>Year - 5, Time - 2024-03-09 16:22:42<br> Kael224/(Kael) brought Kael224/(Kael) the Demon Undefined Class from 22 to 60 base
<hr>Year - 5, Time - 2024-03-09 17:00:55<br> Kael224/(Kael) used AdminHeal on Dante224/(Dante)
<hr>Year - 5, Time - 2024-03-09 17:45:32<br> Kael224/(Kael) begins to edit Kael224/(Kael).
<hr>Year - 5, Time - 2024-03-09 17:45:32<br> Kael224/(Kael) begins to edit Kael.
<hr>Year - 5, Time - 2024-03-09 17:45:40<br> Kael224/(Kael) begins to edit Kael.
<hr>Year - 5, Time - 2024-03-09 17:45:45<br> Kael224/(Kael) begins to edit Kael.
<hr>Year - 5, Time - 2024-03-09 17:45:49<br> Kael224/(Kael) begins to edit Kael.
<hr>Year - 5, Time - 2024-03-09 17:45:50<br> Kael224 modified Kael's SpdMod 1.3 (Num) to 0.5 (Num)
<hr>Year - 5, Time - 2024-03-09 17:46:04<br> Kael224/(Kael) begins to edit Kael.
<hr>Year - 5, Time - 2024-03-09 17:46:08<br> Kael224/(Kael) begins to edit Kael.
<hr>Year - 5, Time - 2024-03-09 17:46:09<br> Kael224 modified Kael's SpdMod 0.5 (Num) to 1 (Num)
<hr>Year - 5, Time - 2024-03-09 17:46:22<br> Kael224/(Kael) begins to edit Kael.
<hr>Year - 5, Time - 2024-03-09 17:46:25<br> Kael224/(Kael) begins to edit Kael.
<hr>Year - 5, Time - 2024-03-09 17:46:27<br> Kael224 modified Kael's SpdMod 1 (Num) to 1.3 (Num)
<hr>Year - 5, Time - 2024-03-09 17:51:36<br> Kael224/(A) Assessed A
<hr>Year - 5, Time - 2024-03-09 17:51:44<br> Kael224/(A) gave Kael224/(A) /Skill/Support/Splitform
<hr>Year - 5, Time - 2024-03-09 18:12:58<br> Kael224/(A) Assessed A
<hr>Year - 5, Time - 2024-03-09 18:13:00<br> Kael224/(A) Assessed A
<hr>Year - 5, Time - 2024-03-09 18:13:53<br> Kael224/(A) Assessed A
<hr>Year - 5, Time - 2024-03-09 18:13:57<br> Kael224/(A) Assessed A
<hr>Year - 5, Time - 2024-03-09 18:13:58<br> Kael224/(A) Assessed A
<hr>Year - 5, Time - 2024-03-09 18:13:58<br> Kael224/(A) Assessed A
<hr>Year - 5, Time - 2024-03-09 18:13:59<br> Kael224/(A) Assessed A
<hr>Year - 5, Time - 2024-03-09 18:13:59<br> Kael224/(A) Assessed A
<hr>Year - 5, Time - 2024-03-09 18:13:59<br> Kael224/(A) Assessed A
<hr>Year - 5, Time - 2024-03-09 18:14:58<br> Kael224/(A) Assessed A
<hr>Year - 5, Time - 2024-03-09 18:42:58<br> Kael224/(A) Assessed A
<hr>Year - 5, Time - 2024-03-09 18:43:03<br> Kael224/(A) begins to edit A.
<hr>Year - 5, Time - 2024-03-09 18:43:14<br> Kael224/(A) begins to edit A.
<hr>Year - 5, Time - 2024-03-09 18:43:18<br> Kael224/(A) begins to edit A.
<hr>Year - 5, Time - 2024-03-09 18:43:21<br> Kael224/(A) begins to edit A.
<hr>Year - 5, Time - 2024-03-09 18:43:23<br> Kael224 modified A's SpdMod 2.67888e+11 (Num) to 1 (Num)
<hr>Year - 5, Time - 2024-03-09 18:43:25<br> Kael224/(A) begins to edit A.
<hr>Year - 5, Time - 2024-03-09 18:43:27<br> Kael224/(A) begins to edit A.
<hr>Year - 5, Time - 2024-03-09 18:43:29<br> Kael224 modified A's SpdMod 1 (Num) to 3 (Num)
<hr>Year - 5, Time - 2024-03-09 19:02:07<br> Kael224/(A) begins to edit Kael224/(A).
<hr>Year - 5, Time - 2024-03-09 19:02:07<br> Kael224/(A) begins to edit A.
<hr>Year - 5, Time - 2024-03-09 19:10:56<br> Kael224/(A) Assessed A
