<hr>Year - 5, Time - 2024-03-10 10:23:09<br> Kael224/(A) Assessed A
<hr>Year - 5, Time - 2024-03-10 10:25:54<br> Kael224/(Kael) begins to edit Kael224/(Kael).
<hr>Year - 5, Time - 2024-03-10 10:25:54<br> Kael224/(Kael) begins to edit Kael.
<hr>Year - 5, Time - 2024-03-10 10:38:34<br> Kael224/(Kael) Assessed Kael
<hr>Year - 5, Time - 2024-03-10 10:38:44<br> Kael224/(Kael) gave Kael224/(Kael) /Skill/Support/Sense_Energy
<hr>Year - 5, Time - 2024-03-10 10:47:54<br> Kael224/(Kael) begins to edit *invalid:/turf/atom/Water*.
<hr>Year - 5, Time - 2024-03-10 10:47:54<br> Kael224/(Kael) begins to edit Water.
<hr>Year - 5, Time - 2024-03-10 10:49:45<br> Kael224/(Kael) begins to edit *invalid:/turf/atom/Water*.
<hr>Year - 5, Time - 2024-03-10 10:49:45<br> Kael224/(Kael) begins to edit Water.
<hr>Year - 5, Time - 2024-03-10 10:53:16<br> Kael224/(Kael) knocked out Kael224/(Kael) with reason 'AAA'
<hr>Year - 5, Time - 2024-03-10 11:40:00<br> Kael224/(Kael) begins to edit Kael224/(Kael).
<hr>Year - 5, Time - 2024-03-10 11:40:00<br> Kael224/(Kael) begins to edit Kael.
<hr>Year - 5, Time - 2024-03-10 14:07:23<br> key_name(usr)] has made Dante224 a Owner
<hr>Year - 5, Time - 2024-03-10 14:59:50<br> Kael224/(Kael) Assessed Kael
<hr>Year - 5, Time - 2024-03-10 15:00:04<br> Kael224/(Kael) gave Kael224/(Kael) /Skill/Buff/Power_Control
<hr>Year - 5, Time - 2024-03-10 15:14:44<br> Kael224/(Kael) begins to edit Kael224/(Kael).
<hr>Year - 5, Time - 2024-03-10 15:14:44<br> Kael224/(Kael) begins to edit Kael.
<hr>Year - 5, Time - 2024-03-10 15:16:22<br> Kael224/(Kael) begins to edit Kael.
<hr>Year - 5, Time - 2024-03-10 15:16:24<br> Kael224/(Kael) begins to edit Kael.
<hr>Year - 5, Time - 2024-03-10 15:16:28<br> Kael224/(Kael) begins to edit Kael.
<hr>Year - 5, Time - 2024-03-10 15:16:33<br> Kael224/(Kael) begins to edit Kael.
<hr>Year - 5, Time - 2024-03-10 15:16:34<br> Kael224 modified Kael's BPpcnt 100 (Num) to 130 (Num)
<hr>Year - 5, Time - 2024-03-10 15:21:33<br> Kael224/(Kael) begins to edit Kael224/(Kael).
<hr>Year - 5, Time - 2024-03-10 15:21:33<br> Kael224/(Kael) begins to edit Kael.
<hr>Year - 5, Time - 2024-03-10 15:26:38<br> Kael224/(Kael) begins to edit Kael224/(Kael).
<hr>Year - 5, Time - 2024-03-10 15:26:39<br> Kael224/(Kael) begins to edit Kael.
<hr>Year - 5, Time - 2024-03-10 15:41:28<br> Kael224/(Kael) Assessed Kael
<hr>Year - 5, Time - 2024-03-10 15:42:36<br> Kael224/(Kael) gave Kael224/(Kael) /obj/items/rawmetal/Copper_Ingot
<hr>Year - 5, Time - 2024-03-10 15:43:15<br> Kael224/(Kael) gave Kael224/(Kael) /obj/items/Sword/Normal_Sword
<hr>Year - 5, Time - 2024-03-10 15:54:27<br> Kael224/(Kael) begins to edit Kael224/(Kael).
<hr>Year - 5, Time - 2024-03-10 15:54:27<br> Kael224/(Kael) begins to edit Kael.
<hr>Year - 5, Time - 2024-03-10 15:57:50<br> Kael224/(Kael) knocked out Kael224/(Kael) with reason 'admin'
<hr>Year - 5, Time - 2024-03-10 15:57:59<br> Kael224/(Kael) used AdminHeal on Kael224/(Kael)
<hr>Year - 5, Time - 2024-03-10 17:04:02<br> Kael224/(Kael) Assessed Kael
