<hr>Year - 5, Time - 2024-03-15 10:31:10<br> Kael224/(Kael) initiated a world save.
<hr>Year - 5, Time - 2024-03-15 10:32:13<br> Kael224/(Kael) used AdminHeal on Kael224/(Kael)
<hr>Year - 5, Time - 2024-03-15 10:45:22<br> Kael224/(Kael) begins to edit *invalid:/turf/atom/Ground/Grass*.
<hr>Year - 5, Time - 2024-03-15 10:45:22<br> Kael224/(Kael) begins to edit Grass.
<hr>Year - 5, Time - 2024-03-15 11:07:18<br> Kael224/(Kael) respawned Ore and Fishes.
<hr>Year - 5, Time - 2024-03-15 11:07:39<br> Kael224/(Kael) respawned Ore and Fishes.
<hr>Year - 5, Time - 2024-03-15 11:07:40<br> Kael224/(Kael) respawned Ore and Fishes.
<hr>Year - 5, Time - 2024-03-15 11:23:44<br> Kael224/(Kael) Assessed Kael
<hr>Year - 5, Time - 2024-03-15 11:23:54<br> Kael224/(Kael) gave Kael224/(Kael) /Skill/Support/Splitform
<hr>Year - 5, Time - 2024-03-15 11:24:01<br> Kael224/(Kael) gave Kael224/(Kael) /Skill/Unarmed/T2/RoundhouseKick
<hr>Year - 5, Time - 2024-03-15 11:24:45<br> Kael224/(Kael) begins to edit *invalid:/Skill/Unarmed/T2/RoundhouseKick*.
<hr>Year - 5, Time - 2024-03-15 11:24:45<br> Kael224/(Kael) begins to edit RoundhouseKick.
<hr>Year - 5, Time - 2024-03-15 11:26:40<br> Kael224/(Kael) Assessed Kael
<hr>Year - 5, Time - 2024-03-15 11:27:03<br> Kael224/(Kael) gave Kael224/(Kael) /Skill/Attacks/T1/Charge
<hr>Year - 5, Time - 2024-03-15 11:27:15<br> Kael224/(Kael) gave Kael224/(Kael) /Skill/Unarmed/T1/DashAttack
<hr>Year - 5, Time - 2024-03-15 11:27:49<br> Kael224/(Kael) begins to edit *invalid:/Skill/Unarmed/T1/DashAttack*.
<hr>Year - 5, Time - 2024-03-15 11:27:49<br> Kael224/(Kael) begins to edit DashAttack.
<hr>Year - 5, Time - 2024-03-15 11:28:46<br> Kael224/(Kael) begins to edit DashAttack.
<hr>Year - 5, Time - 2024-03-15 11:28:48<br> Kael224/(Kael) begins to edit DashAttack.
<hr>Year - 5, Time - 2024-03-15 11:28:50<br> Kael224/(Kael) begins to edit DashAttack.
<hr>Year - 5, Time - 2024-03-15 11:28:50<br> Kael224 modified DashAttack's Tier 0 (Num) to 1 (Num)
<hr>Year - 5, Time - 2024-03-15 11:30:51<br> Kael224/(Kael) begins to edit DashAttack.
<hr>Year - 5, Time - 2024-03-15 11:30:55<br> Kael224/(Kael) begins to edit DashAttack.
<hr>Year - 5, Time - 2024-03-15 11:30:57<br> Kael224/(Kael) begins to edit DashAttack.
<hr>Year - 5, Time - 2024-03-15 11:30:57<br> Kael224 modified DashAttack's CDT  ((Null)) to  ((Null))
<hr>Year - 5, Time - 2024-03-15 11:31:05<br> Kael224/(Kael) begins to edit DashAttack.
<hr>Year - 5, Time - 2024-03-15 11:31:06<br> Kael224/(Kael) begins to edit DashAttack.
<hr>Year - 5, Time - 2024-03-15 11:31:06<br> Kael224 modified DashAttack's CDT  ((Null)) to CD_TIER_1 (Text)
<hr>Year - 5, Time - 2024-03-15 11:37:00<br> Kael224/(Kael) Assessed Kael
<hr>Year - 5, Time - 2024-03-15 11:41:18<br> Kael224/(Kael) Assessed Kael
<hr>Year - 5, Time - 2024-03-15 11:54:56<br> Kael224/(Kael) begins to edit Kael224/(Kael).
<hr>Year - 5, Time - 2024-03-15 11:54:56<br> Kael224/(Kael) begins to edit Kael.
<hr>Year - 5, Time - 2024-03-15 11:55:03<br> Kael224/(Kael) begins to edit Kael.
<hr>Year - 5, Time - 2024-03-15 11:55:05<br> Kael224/(Kael) begins to edit Kael.
<hr>Year - 5, Time - 2024-03-15 11:55:09<br> Kael224/(Kael) begins to edit Kael.
<hr>Year - 5, Time - 2024-03-15 11:55:11<br> Kael224 modified Kael's SkillPointsT1 0 (Num) to 1 (Num)
<hr>Year - 5, Time - 2024-03-15 13:33:17<br> Kael224/(Kael) Assessed Kael
<hr>Year - 5, Time - 2024-03-15 13:33:28<br> Kael224/(Kael) gave Kael224/(Kael) /obj/Sense_Exit
<hr>Year - 5, Time - 2024-03-15 13:38:05<br> Kael224/(Kael) Assessed Kael
<hr>Year - 5, Time - 2024-03-15 13:38:12<br> Kael224/(Kael) gave Kael224/(Kael) /obj/Sense_Exit
<hr>Year - 5, Time - 2024-03-15 13:55:11<br> Kael224/(Kael) Assessed Kael
<hr>Year - 5, Time - 2024-03-15 13:55:21<br> Kael224/(Kael) gave Kael224/(Kael) /obj/Sense_Exit
<hr>Year - 5, Time - 2024-03-15 13:55:33<br> Kael224/(Kael) begins to edit Kael224/(Kael).
<hr>Year - 5, Time - 2024-03-15 13:55:33<br> Kael224/(Kael) begins to edit Kael.
<hr>Year - 5, Time - 2024-03-15 13:55:46<br> Kael224/(Kael) begins to edit Kael.
<hr>Year - 5, Time - 2024-03-15 13:55:48<br> Kael224/(Kael) begins to edit Kael.
<hr>Year - 5, Time - 2024-03-15 13:55:51<br> Kael224/(Kael) begins to edit Kael.
<hr>Year - 5, Time - 2024-03-15 13:55:52<br> Kael224 modified Kael's Mining_Level 1 (Num) to 5 (Num)
<hr>Year - 5, Time - 2024-03-15 14:09:29<br> Kael224/(Kael) begins to edit *invalid:/turf/atom/Caves/Cave01Out*.
<hr>Year - 5, Time - 2024-03-15 14:09:29<br> Kael224/(Kael) begins to edit Cave01Out.
<hr>Year - 5, Time - 2024-03-15 14:12:07<br> Kael224/(Kael) begins to edit *invalid:/turf/atom/Caves/Cave01Out*.
<hr>Year - 5, Time - 2024-03-15 14:12:07<br> Kael224/(Kael) begins to edit Cave01Out.
<hr>Year - 5, Time - 2024-03-15 14:46:57<br> Kael224/(Kael) begins to edit Kael224/(Kael).
<hr>Year - 5, Time - 2024-03-15 14:46:57<br> Kael224/(Kael) begins to edit Kael.
<hr>Year - 5, Time - 2024-03-15 14:47:13<br> Kael224/(Kael) Assessed Kael
<hr>Year - 5, Time - 2024-03-15 14:48:43<br> Kael224/(Kael) gave Kael224/(Kael) /Skill/MartialArt
<hr>Year - 5, Time - 2024-03-15 14:50:00<br> Kael224/(Kael) Assessed Kael
<hr>Year - 5, Time - 2024-03-15 14:51:27<br> Kael224/(Kael) Assessed Kael
<hr>Year - 5, Time - 2024-03-15 14:52:13<br> Kael224/(Kael) Assessed Kael
<hr>Year - 5, Time - 2024-03-15 14:52:13<br> Kael224/(Kael) Assessed Kael
<hr>Year - 5, Time - 2024-03-15 14:52:57<br> Kael224/(Kael) begins to edit Kael224/(Kael).
<hr>Year - 5, Time - 2024-03-15 14:52:57<br> Kael224/(Kael) begins to edit Kael.
<hr>Year - 5, Time - 2024-03-15 15:00:09<br> Kael224/(Kael) Assessed Kael
<hr>Year - 5, Time - 2024-03-15 15:00:35<br> Kael224/(Kael) begins to edit Kael224/(Kael).
<hr>Year - 5, Time - 2024-03-15 15:00:35<br> Kael224/(Kael) begins to edit Kael.
<hr>Year - 5, Time - 2024-03-15 15:00:44<br> Kael224/(Kael) begins to edit Kael.
<hr>Year - 5, Time - 2024-03-15 15:00:48<br> Kael224/(Kael) begins to edit Kael.
<hr>Year - 5, Time - 2024-03-15 15:00:54<br> Kael224/(Kael) begins to edit Kael.
<hr>Year - 5, Time - 2024-03-15 15:00:55<br> Kael224 modified Kael's Str 1 (Num) to 1.45 (Num)
<hr>Year - 5, Time - 2024-03-15 15:03:13<br> Kael224/(Kael) begins to edit Kael.
<hr>Year - 5, Time - 2024-03-15 15:03:16<br> Kael224/(Kael) begins to edit Kael.
<hr>Year - 5, Time - 2024-03-15 15:03:18<br> Kael224 modified Kael's Str 1 (Num) to 111 (Num)
<hr>Year - 5, Time - 2024-03-15 15:11:19<br> Kael224/(Kael) begins to edit Kael224/(Kael).
<hr>Year - 5, Time - 2024-03-15 15:11:19<br> Kael224/(Kael) begins to edit Kael.
<hr>Year - 5, Time - 2024-03-15 15:11:26<br> Kael224/(Kael) begins to edit Kael.
<hr>Year - 5, Time - 2024-03-15 15:11:29<br> Kael224/(Kael) begins to edit Kael.
<hr>Year - 5, Time - 2024-03-15 15:11:33<br> Kael224/(Kael) begins to edit Kael.
<hr>Year - 5, Time - 2024-03-15 15:11:34<br> Kael224 modified Kael's Def 1 (Num) to 1.3 (Num)
<hr>Year - 5, Time - 2024-03-15 15:11:34<br> Kael224/(Kael) begins to edit Kael.
<hr>Year - 5, Time - 2024-03-15 15:11:35<br> Kael224 modified Kael's Def 1.3 (Num) to 1.3 (Num)
<hr>Year - 5, Time - 2024-03-15 15:12:30<br> Kael224/(Kael) begins to edit Kael224/(Kael).
<hr>Year - 5, Time - 2024-03-15 15:12:30<br> Kael224/(Kael) begins to edit Kael.
<hr>Year - 5, Time - 2024-03-15 15:12:37<br> Kael224/(Kael) begins to edit Kael.
<hr>Year - 5, Time - 2024-03-15 15:12:40<br> Kael224/(Kael) begins to edit Kael.
<hr>Year - 5, Time - 2024-03-15 15:12:43<br> Kael224/(Kael) begins to edit Kael.
<hr>Year - 5, Time - 2024-03-15 15:12:44<br> Kael224 modified Kael's BaseStr 1 (Num) to 11 (Num)
<hr>Year - 5, Time - 2024-03-15 15:12:49<br> Kael224/(Kael) Assessed Kael
<hr>Year - 5, Time - 2024-03-15 15:12:51<br> Kael224/(Kael) Assessed Kael
<hr>Year - 5, Time - 2024-03-15 15:16:13<br> Kael224/(Kael) Assessed Kael
<hr>Year - 5, Time - 2024-03-15 15:16:47<br> Kael224/(Kael) gave Kael224/(Kael) /Skill/MartialArt
<hr>Year - 5, Time - 2024-03-15 15:18:34<br> Kael224/(Kael) Assessed Kael
<hr>Year - 5, Time - 2024-03-15 15:26:02<br> Kael224/(Kael) begins to edit Kael224/(Kael).
<hr>Year - 5, Time - 2024-03-15 15:26:02<br> Kael224/(Kael) begins to edit Kael.
<hr>Year - 5, Time - 2024-03-15 15:29:08<br> Kael224/(Kael) begins to edit Kael224/(Kael).
<hr>Year - 5, Time - 2024-03-15 15:29:08<br> Kael224/(Kael) begins to edit Kael.
<hr>Year - 5, Time - 2024-03-15 15:32:21<br> Kael224/(Kael) Assessed Kael
<hr>Year - 5, Time - 2024-03-15 15:34:41<br> Kael224/(Kael) Assessed Kael
<hr>Year - 5, Time - 2024-03-15 15:34:50<br> Kael224/(Kael) gave Kael224/(Kael) /Skill/MartialArt
<hr>Year - 5, Time - 2024-03-15 15:39:46<br> Kael224/(Kael) begins to edit Kael224/(Kael).
<hr>Year - 5, Time - 2024-03-15 15:39:46<br> Kael224/(Kael) begins to edit Kael.
<hr>Year - 5, Time - 2024-03-15 15:40:43<br> Kael224/(Kael) begins to edit Kael224/(Kael).
<hr>Year - 5, Time - 2024-03-15 15:40:43<br> Kael224/(Kael) begins to edit Kael.
<hr>Year - 5, Time - 2024-03-15 15:40:49<br> Kael224/(Kael) begins to edit Kael.
<hr>Year - 5, Time - 2024-03-15 15:40:53<br> Kael224/(Kael) begins to edit Kael.
<hr>Year - 5, Time - 2024-03-15 15:40:59<br> Kael224/(Kael) begins to edit Kael.
<hr>Year - 5, Time - 2024-03-15 15:41:00<br> Kael224 modified Kael's SpdMod 0 (Num) to 3.57 (Num)
<hr>Year - 5, Time - 2024-03-15 15:41:55<br> Kael224/(Kael) Assessed Kael
<hr>Year - 5, Time - 2024-03-15 15:42:51<br> Kael224/(Kael) begins to edit Kael224/(Kael).
<hr>Year - 5, Time - 2024-03-15 15:42:51<br> Kael224/(Kael) begins to edit Kael.
<hr>Year - 5, Time - 2024-03-15 15:44:37<br> Kael224/(Kael) begins to edit Kael224/(Kael).
<hr>Year - 5, Time - 2024-03-15 15:44:37<br> Kael224/(Kael) begins to edit Kael.
<hr>Year - 5, Time - 2024-03-15 15:44:57<br> Kael224/(Kael) begins to edit Kael.
<hr>Year - 5, Time - 2024-03-15 15:45:01<br> Kael224/(Kael) begins to edit Kael.
<hr>Year - 5, Time - 2024-03-15 15:45:06<br> Kael224/(Kael) begins to edit Kael.
<hr>Year - 5, Time - 2024-03-15 15:45:07<br> Kael224 modified Kael's SpdMod 0 (Num) to 3 (Num)
<hr>Year - 5, Time - 2024-03-15 15:45:25<br> Kael224/(Kael) begins to edit Kael.
<hr>Year - 5, Time - 2024-03-15 15:45:33<br> Kael224/(Kael) begins to edit Kael.
<hr>Year - 5, Time - 2024-03-15 15:45:36<br> Kael224/(Kael) begins to edit Kael.
<hr>Year - 5, Time - 2024-03-15 15:45:44<br> Kael224/(Kael) begins to edit Kael.
<hr>Year - 5, Time - 2024-03-15 15:45:46<br> Kael224 modified Kael's SpdMod 1 (Num) to 1.47 (Num)
<hr>Year - 5, Time - 2024-03-15 15:47:36<br> Kael224/(Kael) begins to edit Kael224/(Kael).
<hr>Year - 5, Time - 2024-03-15 15:47:36<br> Kael224/(Kael) begins to edit Kael.
<hr>Year - 5, Time - 2024-03-15 15:47:41<br> Kael224/(Kael) begins to edit Kael.
<hr>Year - 5, Time - 2024-03-15 15:47:45<br> Kael224/(Kael) begins to edit Kael.
<hr>Year - 5, Time - 2024-03-15 15:47:49<br> Kael224/(Kael) begins to edit Kael.
<hr>Year - 5, Time - 2024-03-15 15:47:50<br> Kael224 modified Kael's SpdMod 1 (Num) to 1.45 (Num)
<hr>Year - 5, Time - 2024-03-15 15:48:22<br> Kael224/(Kael) Assessed Kael
<hr>Year - 5, Time - 2024-03-15 15:48:30<br> Kael224/(Kael) gave Kael224/(Kael) /Skill/MartialArt
<hr>Year - 5, Time - 2024-03-15 15:51:47<br> Kael224/(Kael) begins to edit Kael224/(Kael).
<hr>Year - 5, Time - 2024-03-15 15:51:47<br> Kael224/(Kael) begins to edit Kael.
<hr>Year - 5, Time - 2024-03-15 15:51:52<br> Kael224/(Kael) begins to edit Kael.
<hr>Year - 5, Time - 2024-03-15 15:51:55<br> Kael224/(Kael) begins to edit Kael.
<hr>Year - 5, Time - 2024-03-15 15:51:59<br> Kael224/(Kael) begins to edit Kael.
<hr>Year - 5, Time - 2024-03-15 15:52:00<br> Kael224 modified Kael's SpdMod 25496.7 (Num) to 1.45 (Num)
<hr>Year - 5, Time - 2024-03-15 15:53:17<br> Kael224/(Kael) begins to edit Kael224/(Kael).
<hr>Year - 5, Time - 2024-03-15 15:53:17<br> Kael224/(Kael) begins to edit Kael.
<hr>Year - 5, Time - 2024-03-15 15:53:25<br> Kael224/(Kael) begins to edit Kael.
<hr>Year - 5, Time - 2024-03-15 15:53:28<br> Kael224/(Kael) begins to edit Kael.
<hr>Year - 5, Time - 2024-03-15 15:53:30<br> Kael224/(Kael) begins to edit Kael.
<hr>Year - 5, Time - 2024-03-15 15:53:32<br> Kael224 modified Kael's HasAgileMastery 1 (Num) to 0 (Num)
<hr>Year - 5, Time - 2024-03-15 15:54:12<br> Kael224/(Kael) begins to edit Kael.
<hr>Year - 5, Time - 2024-03-15 15:54:17<br> Kael224/(Kael) begins to edit Kael.
<hr>Year - 5, Time - 2024-03-15 15:54:18<br> Kael224 modified Kael's HasAgileMastery 0 (Num) to 1 (Num)
<hr>Year - 5, Time - 2024-03-15 17:16:27<br> Kael224/(Kael) begins to edit Kael224/(Kael).
<hr>Year - 5, Time - 2024-03-15 17:16:27<br> Kael224/(Kael) begins to edit Kael.
<hr>Year - 5, Time - 2024-03-15 17:35:23<br> Kael224/(Kael) begins to edit Kael224/(Kael).
<hr>Year - 5, Time - 2024-03-15 17:35:23<br> Kael224/(Kael) begins to edit Kael.
