

Starting up. 12:20.56
---------------------

ADMIN: mumit = Owner
ADMIN: kael224 = Owner
ADMIN: The_Skyla = SeniorAdministrator

Shutting down. 12:43.34
---------------------



Starting up. 12:43.41
---------------------

ADMIN: mumit = Owner
ADMIN: kael224 = Owner
ADMIN: The_Skyla = SeniorAdministrator

Shutting down. 12:47.55
---------------------



Starting up. 13:07.18
---------------------

ADMIN: mumit = Owner
ADMIN: kael224 = Owner
ADMIN: The_Skyla = SeniorAdministrator

Shutting down. 13:09.54
---------------------



Starting up. 13:10.10
---------------------

ADMIN: mumit = Owner
ADMIN: kael224 = Owner
ADMIN: The_Skyla = SeniorAdministrator

Shutting down. 13:14.28
---------------------



Starting up. 13:18.45
---------------------

ADMIN: mumit = Owner
ADMIN: kael224 = Owner
ADMIN: The_Skyla = SeniorAdministrator

Shutting down. 13:33.59
---------------------



Starting up. 13:34.04
---------------------

ADMIN: mumit = Owner
ADMIN: kael224 = Owner
ADMIN: The_Skyla = SeniorAdministrator

Shutting down. 13:38.07
---------------------



Starting up. 13:38.22
---------------------

ADMIN: mumit = Owner
ADMIN: kael224 = Owner
ADMIN: The_Skyla = SeniorAdministrator

Shutting down. 13:40.09
---------------------



Starting up. 13:41.01
---------------------

ADMIN: mumit = Owner
ADMIN: kael224 = Owner
ADMIN: The_Skyla = SeniorAdministrator

Shutting down. 13:44.43
---------------------



Starting up. 13:45.13
---------------------

ADMIN: mumit = Owner
ADMIN: kael224 = Owner
ADMIN: The_Skyla = SeniorAdministrator

Shutting down. 13:45.35
---------------------



Starting up. 13:45.49
---------------------

ADMIN: mumit = Owner
ADMIN: kael224 = Owner
ADMIN: The_Skyla = SeniorAdministrator

Shutting down. 13:47.23
---------------------



Starting up. 13:47.31
---------------------

ADMIN: mumit = Owner
ADMIN: kael224 = Owner
ADMIN: The_Skyla = SeniorAdministrator

Shutting down. 13:50.39
---------------------



Starting up. 13:51.26
---------------------

ADMIN: mumit = Owner
ADMIN: kael224 = Owner
ADMIN: The_Skyla = SeniorAdministrator

Shutting down. 13:51.43
---------------------



Starting up. 16:18.31
---------------------

ADMIN: mumit = Owner
ADMIN: kael224 = Owner
ADMIN: The_Skyla = SeniorAdministrator

Shutting down. 16:21.37
---------------------



Starting up. 20:55.41
---------------------

ADMIN: mumit = Owner
ADMIN: kael224 = Owner
ADMIN: The_Skyla = SeniorAdministrator

Shutting down. 20:58.44
---------------------



Starting up. 20:58.58
---------------------

ADMIN: mumit = Owner
ADMIN: kael224 = Owner
ADMIN: The_Skyla = SeniorAdministrator

Shutting down. 21:00.06
---------------------



Starting up. 21:03.36
---------------------

ADMIN: mumit = Owner
ADMIN: kael224 = Owner
ADMIN: The_Skyla = SeniorAdministrator

Shutting down. 21:08.58
---------------------



Starting up. 21:09.21
---------------------

ADMIN: mumit = Owner
ADMIN: kael224 = Owner
ADMIN: The_Skyla = SeniorAdministrator

Shutting down. 21:16.19
---------------------



Starting up. 21:18.05
---------------------

ADMIN: mumit = Owner
ADMIN: kael224 = Owner
ADMIN: The_Skyla = SeniorAdministrator

Shutting down. 21:18.07
---------------------



Starting up. 21:18.10
---------------------

ADMIN: mumit = Owner
ADMIN: kael224 = Owner
ADMIN: The_Skyla = SeniorAdministrator

Shutting down. 21:19.15
---------------------



Starting up. 21:19.32
---------------------

ADMIN: mumit = Owner
ADMIN: kael224 = Owner
ADMIN: The_Skyla = SeniorAdministrator

Shutting down. 21:25.31
---------------------



Starting up. 21:26.19
---------------------

ADMIN: mumit = Owner
ADMIN: kael224 = Owner
ADMIN: The_Skyla = SeniorAdministrator

Shutting down. 21:28.24
---------------------

