

Starting up. 20:37.12
---------------------

ADMIN: mumit = Owner
ADMIN: kael224 = Owner
ADMIN: The_Skyla = SeniorAdministrator

Shutting down. 20:41.01
---------------------



Starting up. 20:41.19
---------------------

ADMIN: mumit = Owner
ADMIN: kael224 = Owner
ADMIN: The_Skyla = SeniorAdministrator

Shutting down. 20:42.11
---------------------



Starting up. 20:42.25
---------------------

ADMIN: mumit = Owner
ADMIN: kael224 = Owner
ADMIN: The_Skyla = SeniorAdministrator

Shutting down. 20:43.15
---------------------



Starting up. 20:45.40
---------------------

ADMIN: mumit = Owner
ADMIN: kael224 = Owner
ADMIN: The_Skyla = SeniorAdministrator

Shutting down. 20:49.30
---------------------



Starting up. 20:49.40
---------------------

ADMIN: mumit = Owner
ADMIN: kael224 = Owner
ADMIN: The_Skyla = SeniorAdministrator

Shutting down. 21:17.02
---------------------



Starting up. 21:17.23
---------------------

ADMIN: mumit = Owner
ADMIN: kael224 = Owner
ADMIN: The_Skyla = SeniorAdministrator

Shutting down. 21:22.29
---------------------



Starting up. 21:22.36
---------------------

ADMIN: mumit = Owner
ADMIN: kael224 = Owner
ADMIN: The_Skyla = SeniorAdministrator

Shutting down. 21:26.10
---------------------



Starting up. 21:26.21
---------------------

ADMIN: mumit = Owner
ADMIN: kael224 = Owner
ADMIN: The_Skyla = SeniorAdministrator

Shutting down. 21:32.15
---------------------



Starting up. 21:34.51
---------------------

ADMIN: mumit = Owner
ADMIN: kael224 = Owner
ADMIN: The_Skyla = SeniorAdministrator

Shutting down. 21:37.00
---------------------



Starting up. 21:42.38
---------------------

ADMIN: mumit = Owner
ADMIN: kael224 = Owner
ADMIN: The_Skyla = SeniorAdministrator

Shutting down. 21:53.04
---------------------

