

Starting up. 17:59.00
---------------------

ADMIN: mumit = Owner
ADMIN: kael224 = Owner
ADMIN: The_Skyla = SeniorAdministrator

Shutting down. 18:00.55
---------------------



Starting up. 18:01.06
---------------------

ADMIN: mumit = Owner
ADMIN: kael224 = Owner
ADMIN: The_Skyla = SeniorAdministrator

Shutting down. 18:01.35
---------------------



Starting up. 18:01.44
---------------------

ADMIN: mumit = Owner
ADMIN: kael224 = Owner
ADMIN: The_Skyla = SeniorAdministrator

Shutting down. 18:03.01
---------------------



Starting up. 18:03.06
---------------------

ADMIN: mumit = Owner
ADMIN: kael224 = Owner
ADMIN: The_Skyla = SeniorAdministrator

Shutting down. 18:03.57
---------------------



Starting up. 18:04.12
---------------------

ADMIN: mumit = Owner
ADMIN: kael224 = Owner
ADMIN: The_Skyla = SeniorAdministrator

Shutting down. 18:05.27
---------------------



Starting up. 18:06.11
---------------------

ADMIN: mumit = Owner
ADMIN: kael224 = Owner
ADMIN: The_Skyla = SeniorAdministrator

Shutting down. 18:06.47
---------------------



Starting up. 18:06.58
---------------------

ADMIN: mumit = Owner
ADMIN: kael224 = Owner
ADMIN: The_Skyla = SeniorAdministrator

Shutting down. 18:07.26
---------------------



Starting up. 18:07.41
---------------------

ADMIN: mumit = Owner
ADMIN: kael224 = Owner
ADMIN: The_Skyla = SeniorAdministrator

Shutting down. 18:08.49
---------------------



Starting up. 18:10.07
---------------------

ADMIN: mumit = Owner
ADMIN: kael224 = Owner
ADMIN: The_Skyla = SeniorAdministrator

Shutting down. 18:11.02
---------------------



Starting up. 18:11.27
---------------------

ADMIN: mumit = Owner
ADMIN: kael224 = Owner
ADMIN: The_Skyla = SeniorAdministrator

Shutting down. 18:11.50
---------------------



Starting up. 18:15.47
---------------------

ADMIN: mumit = Owner
ADMIN: kael224 = Owner
ADMIN: The_Skyla = SeniorAdministrator

Shutting down. 18:16.55
---------------------



Starting up. 18:17.06
---------------------

ADMIN: mumit = Owner
ADMIN: kael224 = Owner
ADMIN: The_Skyla = SeniorAdministrator

Shutting down. 18:18.04
---------------------



Starting up. 18:18.09
---------------------

ADMIN: mumit = Owner
ADMIN: kael224 = Owner
ADMIN: The_Skyla = SeniorAdministrator

Shutting down. 18:25.17
---------------------



Starting up. 18:25.24
---------------------

ADMIN: mumit = Owner
ADMIN: kael224 = Owner
ADMIN: The_Skyla = SeniorAdministrator

Shutting down. 18:26.34
---------------------



Starting up. 19:02.31
---------------------

ADMIN: mumit = Owner
ADMIN: kael224 = Owner
ADMIN: The_Skyla = SeniorAdministrator

Shutting down. 19:06.55
---------------------



Starting up. 19:07.00
---------------------

ADMIN: mumit = Owner
ADMIN: kael224 = Owner
ADMIN: The_Skyla = SeniorAdministrator

Shutting down. 19:09.11
---------------------



Starting up. 19:09.15
---------------------

ADMIN: mumit = Owner
ADMIN: kael224 = Owner
ADMIN: The_Skyla = SeniorAdministrator

Shutting down. 19:11.13
---------------------



Starting up. 19:11.18
---------------------

ADMIN: mumit = Owner
ADMIN: kael224 = Owner
ADMIN: The_Skyla = SeniorAdministrator

Shutting down. 19:17.25
---------------------



Starting up. 19:17.32
---------------------

ADMIN: mumit = Owner
ADMIN: kael224 = Owner
ADMIN: The_Skyla = SeniorAdministrator

Shutting down. 19:19.21
---------------------



Starting up. 19:19.25
---------------------

ADMIN: mumit = Owner
ADMIN: kael224 = Owner
ADMIN: The_Skyla = SeniorAdministrator

Shutting down. 19:20.28
---------------------



Starting up. 19:20.42
---------------------

ADMIN: mumit = Owner
ADMIN: kael224 = Owner
ADMIN: The_Skyla = SeniorAdministrator

Shutting down. 19:21.22
---------------------



Starting up. 19:21.25
---------------------

ADMIN: mumit = Owner
ADMIN: kael224 = Owner
ADMIN: The_Skyla = SeniorAdministrator

Shutting down. 19:23.09
---------------------



Starting up. 19:23.13
---------------------

ADMIN: mumit = Owner
ADMIN: kael224 = Owner
ADMIN: The_Skyla = SeniorAdministrator

Shutting down. 19:33.28
---------------------



Starting up. 19:33.31
---------------------

ADMIN: mumit = Owner
ADMIN: kael224 = Owner
ADMIN: The_Skyla = SeniorAdministrator

Shutting down. 19:37.09
---------------------



Starting up. 19:37.16
---------------------

ADMIN: mumit = Owner
ADMIN: kael224 = Owner
ADMIN: The_Skyla = SeniorAdministrator

Shutting down. 19:44.52
---------------------



Starting up. 19:44.56
---------------------

ADMIN: mumit = Owner
ADMIN: kael224 = Owner
ADMIN: The_Skyla = SeniorAdministrator

Shutting down. 19:46.24
---------------------



Starting up. 19:46.55
---------------------

ADMIN: mumit = Owner
ADMIN: kael224 = Owner
ADMIN: The_Skyla = SeniorAdministrator

Shutting down. 19:48.48
---------------------



Starting up. 19:50.24
---------------------

ADMIN: mumit = Owner
ADMIN: kael224 = Owner
ADMIN: The_Skyla = SeniorAdministrator

Shutting down. 20:06.59
---------------------



Starting up. 20:07.04
---------------------

ADMIN: mumit = Owner
ADMIN: kael224 = Owner
ADMIN: The_Skyla = SeniorAdministrator

Shutting down. 20:08.15
---------------------



Starting up. 20:08.32
---------------------

ADMIN: mumit = Owner
ADMIN: kael224 = Owner
ADMIN: The_Skyla = SeniorAdministrator

Shutting down. 20:09.24
---------------------



Starting up. 20:09.30
---------------------

ADMIN: mumit = Owner
ADMIN: kael224 = Owner
ADMIN: The_Skyla = SeniorAdministrator

Shutting down. 20:11.07
---------------------



Starting up. 20:11.17
---------------------

ADMIN: mumit = Owner
ADMIN: kael224 = Owner
ADMIN: The_Skyla = SeniorAdministrator

Shutting down. 20:11.53
---------------------



Starting up. 20:12.00
---------------------

ADMIN: mumit = Owner
ADMIN: kael224 = Owner
ADMIN: The_Skyla = SeniorAdministrator

Shutting down. 20:13.40
---------------------



Starting up. 20:13.51
---------------------

ADMIN: mumit = Owner
ADMIN: kael224 = Owner
ADMIN: The_Skyla = SeniorAdministrator

Shutting down. 20:14.31
---------------------



Starting up. 20:22.50
---------------------

ADMIN: mumit = Owner
ADMIN: kael224 = Owner
ADMIN: The_Skyla = SeniorAdministrator

Shutting down. 20:26.51
---------------------



Starting up. 20:27.21
---------------------

ADMIN: mumit = Owner
ADMIN: kael224 = Owner
ADMIN: The_Skyla = SeniorAdministrator

Shutting down. 20:30.50
---------------------



Starting up. 20:31.40
---------------------

ADMIN: mumit = Owner
ADMIN: kael224 = Owner
ADMIN: The_Skyla = SeniorAdministrator

Shutting down. 20:34.32
---------------------



Starting up. 20:34.39
---------------------

ADMIN: mumit = Owner
ADMIN: kael224 = Owner
ADMIN: The_Skyla = SeniorAdministrator

Shutting down. 20:35.29
---------------------



Starting up. 20:39.45
---------------------

ADMIN: mumit = Owner
ADMIN: kael224 = Owner
ADMIN: The_Skyla = SeniorAdministrator

Shutting down. 22:57.51
---------------------

