<hr>Year - 2, Time - 2024-02-19 18:43:14<br> Kael224/(Kael) set Year Speed to 3000 minutes per week
<hr>Year - 5, Time - 2024-02-19 18:43:21<br> Kael224 set the year to Week 1 of May, Year 5
<hr>Year - 5, Time - 2024-02-19 18:44:46<br> Kael224/(Kael) begins to edit Kael224/(Kael).
<hr>Year - 5, Time - 2024-02-19 18:44:46<br> Kael224/(Kael) begins to edit Kael.
<hr>Year - 5, Time - 2024-02-19 18:47:18<br> Kael224/(Kael) begins to edit Kael.
<hr>Year - 5, Time - 2024-02-19 18:51:52<br> Kael224 set the year to Week 1 of May, Year 5
<hr>Year - 5, Time - 2024-02-19 18:55:51<br> Kael224/(Kael) begins to edit Kael224/(Kael).
<hr>Year - 5, Time - 2024-02-19 18:55:51<br> Kael224/(Kael) begins to edit Kael.
<hr>Year - 5, Time - 2024-02-19 18:56:52<br> Kael224/(Kael) deleted Block
<hr>Year - 5, Time - 2024-02-19 18:56:57<br> Kael224/(Kael) begins to edit Kael.
<hr>Year - 5, Time - 2024-02-19 18:57:00<br> Kael224/(Kael) begins to edit Kael.
<hr>Year - 5, Time - 2024-02-19 18:57:03<br> Kael224/(Kael) begins to edit Kael.
<hr>Year - 5, Time - 2024-02-19 18:57:05<br> Kael224 modified Kael's SkillPointsT1 2 (Num) to 3 (Num)
<hr>Year - 5, Time - 2024-02-19 19:14:47<br> Kael224 set the year to Week 1 of May, Year 5
<hr>Year - 5, Time - 2024-02-19 19:14:51<br> Kael224/(Kael) initiated a world save.
<hr>Year - 5, Time - 2024-02-19 19:30:41<br> Kael224/(Kael) begins to edit Kael224/(Kael).
<hr>Year - 5, Time - 2024-02-19 19:30:42<br> Kael224/(Kael) begins to edit Kael.
<hr>Year - 5, Time - 2024-02-19 19:31:22<br> Kael224/(Kael) Assessed Kael
<hr>Year - 5, Time - 2024-02-19 19:40:33<br> Kael224/(Kael) Assessed Kael
<hr>Year - 5, Time - 2024-02-19 19:40:41<br> Kael224/(Kael) Assessed Kael
<hr>Year - 5, Time - 2024-02-19 19:41:12<br> Kael224/(Kael) Assessed Kael
<hr>Year - 5, Time - 2024-02-19 19:41:15<br> Kael224/(Kael) begins to edit Kael224/(Kael).
<hr>Year - 5, Time - 2024-02-19 19:41:15<br> Kael224/(Kael) begins to edit Kael.
<hr>Year - 5, Time - 2024-02-19 20:04:11<br> Kael224/(Kael) begins to edit *invalid:/Skill/MartialArt*.
<hr>Year - 5, Time - 2024-02-19 20:04:11<br> Kael224/(Kael) begins to edit Lolo.
<hr>Year - 5, Time - 2024-02-19 20:06:11<br> Kael224/(Kael) begins to edit Lolo.
<hr>Year - 5, Time - 2024-02-19 20:07:56<br> Kael224/(Kael) begins to edit Lolo.
<hr>Year - 5, Time - 2024-02-19 20:07:58<br> Kael224/(Kael) begins to edit Lolo.
<hr>Year - 5, Time - 2024-02-19 20:07:58<br> Kael224 modified Lolo's PointsHas 0 (Num) to 1 (Num)
