

Starting up. 18:03.43
---------------------

ADMIN: mumit = Owner
ADMIN: chewyy = Owner
ADMIN: kael224 = Owner
ADMIN: archaosmura = SeniorAdministrator
ADMIN: Eclipse2020 = Administrator
ADMIN: The_Skyla = SeniorAdministrator
ADMIN: SpiderBroly = SeniorAdministrator
ADMIN: Weasker193 = SeniorAdministrator
18:03.43 Server is still running.

Shutting down. 18:07.09
---------------------



Starting up. 18:07.24
---------------------

ADMIN: mumit = Owner
ADMIN: chewyy = Owner
ADMIN: kael224 = Owner
ADMIN: archaosmura = SeniorAdministrator
ADMIN: Eclipse2020 = Administrator
ADMIN: The_Skyla = SeniorAdministrator
ADMIN: SpiderBroly = SeniorAdministrator
ADMIN: Weasker193 = SeniorAdministrator
18:07.24 Server is still running.

Shutting down. 18:10.06
---------------------



Starting up. 18:13.57
---------------------

ADMIN: mumit = Owner
ADMIN: chewyy = Owner
ADMIN: kael224 = Owner
ADMIN: archaosmura = SeniorAdministrator
ADMIN: Eclipse2020 = Administrator
ADMIN: The_Skyla = SeniorAdministrator
ADMIN: SpiderBroly = SeniorAdministrator
ADMIN: Weasker193 = SeniorAdministrator
18:13.57 Server is still running.

Shutting down. 18:15.31
---------------------



Starting up. 18:15.53
---------------------

ADMIN: mumit = Owner
ADMIN: chewyy = Owner
ADMIN: kael224 = Owner
ADMIN: archaosmura = SeniorAdministrator
ADMIN: Eclipse2020 = Administrator
ADMIN: The_Skyla = SeniorAdministrator
ADMIN: SpiderBroly = SeniorAdministrator
ADMIN: Weasker193 = SeniorAdministrator
18:15.54 Server is still running.

Shutting down. 18:19.45
---------------------



Starting up. 18:20.03
---------------------

ADMIN: mumit = Owner
ADMIN: chewyy = Owner
ADMIN: kael224 = Owner
ADMIN: archaosmura = SeniorAdministrator
ADMIN: Eclipse2020 = Administrator
ADMIN: The_Skyla = SeniorAdministrator
ADMIN: SpiderBroly = SeniorAdministrator
ADMIN: Weasker193 = SeniorAdministrator
18:20.03 Server is still running.
All files loaded.

Shutting down. 18:22.59
---------------------



Starting up. 18:24.50
---------------------

ADMIN: mumit = Owner
ADMIN: chewyy = Owner
ADMIN: kael224 = Owner
ADMIN: archaosmura = SeniorAdministrator
ADMIN: Eclipse2020 = Administrator
ADMIN: The_Skyla = SeniorAdministrator
ADMIN: SpiderBroly = SeniorAdministrator
ADMIN: Weasker193 = SeniorAdministrator
18:24.50 Server is still running.
All files loaded.

Shutting down. 18:52.21
---------------------



Starting up. 18:52.48
---------------------

ADMIN: mumit = Owner
ADMIN: chewyy = Owner
ADMIN: kael224 = Owner
ADMIN: archaosmura = SeniorAdministrator
ADMIN: Eclipse2020 = Administrator
ADMIN: The_Skyla = SeniorAdministrator
ADMIN: SpiderBroly = SeniorAdministrator
ADMIN: Weasker193 = SeniorAdministrator
18:52.48 Server is still running.
All files loaded.

Shutting down. 18:54.41
---------------------



Starting up. 18:54.45
---------------------

ADMIN: mumit = Owner
ADMIN: chewyy = Owner
ADMIN: kael224 = Owner
ADMIN: archaosmura = SeniorAdministrator
ADMIN: Eclipse2020 = Administrator
ADMIN: The_Skyla = SeniorAdministrator
ADMIN: SpiderBroly = SeniorAdministrator
ADMIN: Weasker193 = SeniorAdministrator
18:54.45 Server is still running.
All files loaded.

Shutting down. 18:57.06
---------------------



Starting up. 18:57.10
---------------------

ADMIN: mumit = Owner
ADMIN: chewyy = Owner
ADMIN: kael224 = Owner
ADMIN: archaosmura = SeniorAdministrator
ADMIN: Eclipse2020 = Administrator
ADMIN: The_Skyla = SeniorAdministrator
ADMIN: SpiderBroly = SeniorAdministrator
ADMIN: Weasker193 = SeniorAdministrator
18:57.10 Server is still running.
All files loaded.

Shutting down. 18:57.54
---------------------



Starting up. 18:58.21
---------------------

ADMIN: mumit = Owner
ADMIN: chewyy = Owner
ADMIN: kael224 = Owner
ADMIN: archaosmura = SeniorAdministrator
ADMIN: Eclipse2020 = Administrator
ADMIN: The_Skyla = SeniorAdministrator
ADMIN: SpiderBroly = SeniorAdministrator
ADMIN: Weasker193 = SeniorAdministrator
18:58.22 Server is still running.
All files loaded.

Shutting down. 19:15.28
---------------------



Starting up. 19:17.58
---------------------

ADMIN: mumit = Owner
ADMIN: chewyy = Owner
ADMIN: kael224 = Owner
ADMIN: archaosmura = SeniorAdministrator
ADMIN: Eclipse2020 = Administrator
ADMIN: The_Skyla = SeniorAdministrator
ADMIN: SpiderBroly = SeniorAdministrator
ADMIN: Weasker193 = SeniorAdministrator
19:17.58 Server is still running.
All files loaded.

Shutting down. 19:18.01
---------------------



Starting up. 19:18.22
---------------------

ADMIN: mumit = Owner
ADMIN: chewyy = Owner
ADMIN: kael224 = Owner
ADMIN: archaosmura = SeniorAdministrator
ADMIN: Eclipse2020 = Administrator
ADMIN: The_Skyla = SeniorAdministrator
ADMIN: SpiderBroly = SeniorAdministrator
ADMIN: Weasker193 = SeniorAdministrator
19:18.22 Server is still running.
All files loaded.

Shutting down. 19:18.28
---------------------



Starting up. 19:19.28
---------------------

ADMIN: mumit = Owner
ADMIN: chewyy = Owner
ADMIN: kael224 = Owner
ADMIN: archaosmura = SeniorAdministrator
ADMIN: Eclipse2020 = Administrator
ADMIN: The_Skyla = SeniorAdministrator
ADMIN: SpiderBroly = SeniorAdministrator
ADMIN: Weasker193 = SeniorAdministrator
19:19.28 Server is still running.
All files loaded.

Shutting down. 19:25.29
---------------------



Starting up. 20:17.24
---------------------

ADMIN: mumit = Owner
ADMIN: chewyy = Owner
ADMIN: kael224 = Owner
ADMIN: archaosmura = SeniorAdministrator
ADMIN: Eclipse2020 = Administrator
ADMIN: The_Skyla = SeniorAdministrator
ADMIN: SpiderBroly = SeniorAdministrator
ADMIN: Weasker193 = SeniorAdministrator
20:17.25 Server is still running.
All files loaded.

Shutting down. 20:18.07
---------------------



Starting up. 20:18.09
---------------------

ADMIN: mumit = Owner
ADMIN: chewyy = Owner
ADMIN: kael224 = Owner
ADMIN: archaosmura = SeniorAdministrator
ADMIN: Eclipse2020 = Administrator
ADMIN: The_Skyla = SeniorAdministrator
ADMIN: SpiderBroly = SeniorAdministrator
ADMIN: Weasker193 = SeniorAdministrator
20:18.09 Server is still running.
All files loaded.

Shutting down. 20:18.31
---------------------



Starting up. 20:26.39
---------------------

ADMIN: mumit = Owner
ADMIN: chewyy = Owner
ADMIN: kael224 = Owner
ADMIN: archaosmura = SeniorAdministrator
ADMIN: Eclipse2020 = Administrator
ADMIN: The_Skyla = SeniorAdministrator
ADMIN: SpiderBroly = SeniorAdministrator
ADMIN: Weasker193 = SeniorAdministrator
20:26.39 Server is still running.
All files loaded.

Shutting down. 20:27.50
---------------------



Starting up. 20:32.57
---------------------

ADMIN: mumit = Owner
ADMIN: chewyy = Owner
ADMIN: kael224 = Owner
ADMIN: archaosmura = SeniorAdministrator
ADMIN: Eclipse2020 = Administrator
ADMIN: The_Skyla = SeniorAdministrator
ADMIN: SpiderBroly = SeniorAdministrator
ADMIN: Weasker193 = SeniorAdministrator
20:32.58 Server is still running.
All files loaded.

Shutting down. 20:34.24
---------------------



Starting up. 20:34.28
---------------------

ADMIN: mumit = Owner
ADMIN: chewyy = Owner
ADMIN: kael224 = Owner
ADMIN: archaosmura = SeniorAdministrator
ADMIN: Eclipse2020 = Administrator
ADMIN: The_Skyla = SeniorAdministrator
ADMIN: SpiderBroly = SeniorAdministrator
ADMIN: Weasker193 = SeniorAdministrator
20:34.28 Server is still running.
All files loaded.
21:34.32 Server is still running.
22:34.32 Server is still running.

Shutting down. 23:26.40
---------------------

