<hr>Year - 0, Time - 2024-05-06 18:26:48<br> Kael224/(Kael) created /obj/TrainingEq/Punching_Bag
<hr>Year - 0, Time - 2024-05-06 18:32:08<br> Kael224/(Kael) Assessed Kael
<hr>Year - 0, Time - 2024-05-06 18:32:12<br> Kael224/(Kael) Assessed Kael
<hr>Year - 0, Time - 2024-05-06 18:32:26<br> Kael224/(Kael) Assessed Kael
<hr>Year - 0, Time - 2024-05-06 18:32:27<br> Kael224/(Kael) Assessed Kael
<hr>Year - 0, Time - 2024-05-06 18:32:28<br> Kael224/(Kael) Assessed Kael
<hr>Year - 0, Time - 2024-05-06 18:32:29<br> Kael224/(Kael) Assessed Kael
<hr>Year - 0, Time - 2024-05-06 18:32:29<br> Kael224/(Kael) Assessed Kael
<hr>Year - 0, Time - 2024-05-06 18:32:29<br> Kael224/(Kael) Assessed Kael
<hr>Year - 0, Time - 2024-05-06 18:33:57<br> Kael224/(Kael) Assessed Kael
<hr>Year - 0, Time - 2024-05-06 18:33:58<br> Kael224/(Kael) Assessed Kael
<hr>Year - 0, Time - 2024-05-06 18:33:59<br> Kael224/(Kael) Assessed Kael
<hr>Year - 0, Time - 2024-05-06 18:33:59<br> Kael224/(Kael) Assessed Kael
<hr>Year - 0, Time - 2024-05-06 18:34:00<br> Kael224/(Kael) Assessed Kael
<hr>Year - 0, Time - 2024-05-06 18:35:40<br> Kael224/(Kael) Assessed Kael
<hr>Year - 0, Time - 2024-05-06 18:44:57<br> Kael224/(Kael) Assessed Kael
<hr>Year - 0, Time - 2024-05-06 18:47:07<br> Kael224/(Kael) Assessed Kael
<hr>Year - 0, Time - 2024-05-06 18:53:41<br> Kael224/(Kael) used AdminHeal on Kael224/(Kael)
<hr>Year - 0, Time - 2024-05-06 18:54:07<br> Kael224/(Kael) begins to edit Kael224/(Kael).
<hr>Year - 0, Time - 2024-05-06 18:54:07<br> Kael224/(Kael) begins to edit Kael.
<hr>Year - 0, Time - 2024-05-06 18:54:18<br> Kael224/(Kael) knocked out Kael224/(Kael) with reason 'admin'
<hr>Year - 0, Time - 2024-05-06 18:54:20<br> Kael224/(Kael) used AdminHeal on Kael224/(Kael)
<hr>Year - 0, Time - 2024-05-06 18:54:55<br> Kael224/(Kael) Assessed Kael
<hr>Year - 0, Time - 2024-05-06 19:09:17<br> Kael224/(Kael) begins to edit *invalid:/obj/TrainingEq/Punching_Bag*.
<hr>Year - 0, Time - 2024-05-06 19:09:17<br> Kael224/(Kael) begins to edit Punching Bag.
<hr>Year - 0, Time - 2024-05-06 19:09:22<br> Kael224/(Kael) begins to edit Punching Bag.
<hr>Year - 0, Time - 2024-05-06 19:09:24<br> Kael224/(Kael) begins to edit Punching Bag.
<hr>Year - 0, Time - 2024-05-06 19:09:26<br> Kael224/(Kael) begins to edit Punching Bag.
<hr>Year - 0, Time - 2024-05-06 19:09:26<br> Kael224 modified Punching Bag's dir 2 (Num) to 1 (Num)
<hr>Year - 0, Time - 2024-05-06 19:16:04<br> Kael224/(Kael) begins to edit *invalid:/obj/TrainingEq/Punching_Bag*.
<hr>Year - 0, Time - 2024-05-06 19:16:04<br> Kael224/(Kael) begins to edit Punching Bag.
<hr>Year - 0, Time - 2024-05-06 19:16:09<br> Kael224/(Kael) begins to edit Punching Bag.
<hr>Year - 0, Time - 2024-05-06 19:16:10<br> Kael224/(Kael) begins to edit Punching Bag.
<hr>Year - 0, Time - 2024-05-06 19:16:13<br> Kael224/(Kael) begins to edit Punching Bag.
<hr>Year - 0, Time - 2024-05-06 19:16:13<br> Kael224 modified Punching Bag's dir 2 (Num) to 1 (Num)
<hr>Year - 0, Time - 2024-05-06 19:16:24<br> Kael224/(Kael) begins to edit Punching Bag.
<hr>Year - 0, Time - 2024-05-06 19:16:25<br> Kael224/(Kael) begins to edit Punching Bag.
<hr>Year - 0, Time - 2024-05-06 19:16:25<br> Kael224 modified Punching Bag's dir 1 (Num) to 3 (Num)
<hr>Year - 0, Time - 2024-05-06 19:16:29<br> Kael224/(Kael) begins to edit Punching Bag.
<hr>Year - 0, Time - 2024-05-06 19:16:30<br> Kael224/(Kael) begins to edit Punching Bag.
<hr>Year - 0, Time - 2024-05-06 19:16:30<br> Kael224 modified Punching Bag's dir 3 (Num) to 3 (Num)
<hr>Year - 0, Time - 2024-05-06 19:16:34<br> Kael224/(Kael) begins to edit Punching Bag.
<hr>Year - 0, Time - 2024-05-06 19:16:35<br> Kael224/(Kael) begins to edit Punching Bag.
<hr>Year - 0, Time - 2024-05-06 19:16:35<br> Kael224 modified Punching Bag's dir 3 (Num) to 4 (Num)
<hr>Year - 0, Time - 2024-05-06 19:17:02<br> Kael224/(Kael) begins to edit Punching Bag.
<hr>Year - 0, Time - 2024-05-06 19:17:03<br> Kael224/(Kael) begins to edit Punching Bag.
<hr>Year - 0, Time - 2024-05-06 19:17:03<br> Kael224 modified Punching Bag's dir 4 (Num) to 2 (Num)
<hr>Year - 0, Time - 2024-05-06 19:22:25<br> Kael224/(Kael) begins to edit Kael224/(Kael).
<hr>Year - 0, Time - 2024-05-06 19:22:25<br> Kael224/(Kael) begins to edit Kael.
<hr>Year - 0, Time - 2024-05-06 19:22:38<br> Kael224/(Kael) begins to edit *invalid:/obj/TrainingEq/Punching_Bag*.
<hr>Year - 0, Time - 2024-05-06 19:22:38<br> Kael224/(Kael) begins to edit Punching Bag.
<hr>Year - 0, Time - 2024-05-06 19:23:20<br> Kael224/(Kael) begins to edit Punching Bag.
<hr>Year - 0, Time - 2024-05-06 19:23:23<br> Kael224/(Kael) begins to edit Punching Bag.
<hr>Year - 0, Time - 2024-05-06 19:23:30<br> Kael224/(Kael) begins to edit Kael224/(Kael).
<hr>Year - 0, Time - 2024-05-06 19:23:30<br> Kael224/(Kael) begins to edit Kael.
<hr>Year - 0, Time - 2024-05-06 19:23:52<br> Kael224/(Kael) begins to edit Kael.
<hr>Year - 0, Time - 2024-05-06 19:24:03<br> Kael224/(Kael) begins to edit Kael.
<hr>Year - 0, Time - 2024-05-06 19:24:29<br> Kael224/(Kael) begins to edit Kael.
<hr>Year - 0, Time - 2024-05-06 20:34:53<br> Kael224/(Kael) begins to edit Kael224/(Kael).
<hr>Year - 0, Time - 2024-05-06 20:34:54<br> Kael224/(Kael) begins to edit Kael.
<hr>Year - 0, Time - 2024-05-06 20:34:58<br> Kael224/(Kael) begins to edit Kael.
<hr>Year - 0, Time - 2024-05-06 20:35:02<br> Kael224/(Kael) begins to edit Kael.
<hr>Year - 0, Time - 2024-05-06 20:35:08<br> Kael224/(Kael) begins to edit Kael.
<hr>Year - 0, Time - 2024-05-06 20:35:15<br> Kael224/(Kael) begins to edit Kael.
<hr>Year - 0, Time - 2024-05-06 20:35:21<br> Kael224/(Kael) begins to edit Kael.
