<hr>Year - 0, Time - 2024-05-07 20:37:51<br> Kael224/(Kael) created /obj/items/Tailoring_Station
<hr>Year - 0, Time - 2024-05-07 20:41:55<br> Kael224/(Kael) created /obj/items/Tech/Stations/Crafting_Station
<hr>Year - 0, Time - 2024-05-07 20:42:08<br> Kael224/(Kael) deleted Crafting Station
<hr>Year - 0, Time - 2024-05-07 20:42:51<br> Kael224/(Kael) created /obj/Tech/Stations/Crafting_Station
<hr>Year - 0, Time - 2024-05-07 20:46:10<br> Kael224/(Kael) Assessed Kael
<hr>Year - 0, Time - 2024-05-07 20:46:38<br> Kael224/(Kael) gave Kael 123'123'120$
<hr>Year - 0, Time - 2024-05-07 20:51:09<br> Kael224/(Kael) begins to edit Kael224/(Kael).
<hr>Year - 0, Time - 2024-05-07 20:51:09<br> Kael224/(Kael) begins to edit Kael.
<hr>Year - 0, Time - 2024-05-07 20:51:24<br> Kael224/(Kael) begins to edit Kael.
<hr>Year - 0, Time - 2024-05-07 20:52:09<br> Kael224/(Kael) begins to edit Kael.
<hr>Year - 0, Time - 2024-05-07 20:53:24<br> Kael224/(Kael) begins to edit *invalid:/obj/items/Weights*.
<hr>Year - 0, Time - 2024-05-07 20:53:24<br> Kael224/(Kael) begins to edit 6lb Weights.
<hr>Year - 0, Time - 2024-05-07 20:55:56<br> Kael224/(Kael) begins to edit Kael224/(Kael).
<hr>Year - 0, Time - 2024-05-07 20:55:56<br> Kael224/(Kael) begins to edit Kael.
<hr>Year - 0, Time - 2024-05-07 21:01:14<br> Kael224/(Kael) begins to edit Kael224/(Kael).
<hr>Year - 0, Time - 2024-05-07 21:01:14<br> Kael224/(Kael) begins to edit Kael.
<hr>Year - 0, Time - 2024-05-07 21:13:31<br> Kael224/(Kael) Assessed Kael
<hr>Year - 3, Time - 2024-05-07 21:16:01<br> Kael224 set the year to Week 1 of January, Year 3
<hr>Year - 0, Time - 2024-05-07 21:20:16<br> Kael224/(Kael) begins to edit Kael224/(Kael).
<hr>Year - 0, Time - 2024-05-07 21:20:16<br> Kael224/(Kael) begins to edit Kael.
<hr>Year - 0, Time - 2024-05-07 21:23:09<br> Kael224/(Kael) begins to edit Kael224/(Kael).
<hr>Year - 0, Time - 2024-05-07 21:23:09<br> Kael224/(Kael) begins to edit Kael.
<hr>Year - 0, Time - 2024-05-07 21:31:10<br> Kael224/(Kael) begins to edit *invalid:/Skill/Attacks/T1/Charge*.
<hr>Year - 0, Time - 2024-05-07 21:31:10<br> Kael224/(Kael) begins to edit Charge.
<hr>Year - 0, Time - 2024-05-07 21:35:55<br> Kael224/(Kael) begins to edit Kael224/(Kael).
<hr>Year - 0, Time - 2024-05-07 21:35:55<br> Kael224/(Kael) begins to edit Kael.
<hr>Year - 0, Time - 2024-05-07 21:36:01<br> Kael224/(Kael) begins to edit Kael.
<hr>Year - 0, Time - 2024-05-07 21:36:03<br> Kael224/(Kael) begins to edit Kael.
<hr>Year - 0, Time - 2024-05-07 21:36:06<br> Kael224/(Kael) begins to edit Kael.
<hr>Year - 0, Time - 2024-05-07 21:36:08<br> Kael224 modified Kael's Int_Level 1 (Num) to 111 (Num)
