<hr>Year - 0, Time - 2024-05-09 19:03:24<br> Kael224/(Kael) begins to edit *invalid:/obj/items/Weights*.
<hr>Year - 0, Time - 2024-05-09 19:03:24<br> Kael224/(Kael) begins to edit 6lb Weights.
<hr>Year - 0, Time - 2024-05-09 19:03:29<br> Kael224/(Kael) begins to edit 6lb Weights.
<hr>Year - 0, Time - 2024-05-09 19:03:30<br> Kael224/(Kael) begins to edit 6lb Weights.
<hr>Year - 0, Time - 2024-05-09 19:03:33<br> Kael224/(Kael) begins to edit 6lb Weights.
<hr>Year - 0, Time - 2024-05-09 19:03:33<br> Kael224 modified 6lb Weights's Health 99 (Num) to 1 (Num)
<hr>Year - 0, Time - 2024-05-09 19:07:40<br> Kael224/(Kael) begins to edit Kael224/(Kael).
<hr>Year - 0, Time - 2024-05-09 19:07:40<br> Kael224/(Kael) begins to edit Kael.
<hr>Year - 0, Time - 2024-05-09 19:09:56<br> Kael224/(Kael) Assessed Kael
<hr>Year - 0, Time - 2024-05-09 19:10:51<br> Kael224/(Kael) Assessed Kael
<hr>Year - 0, Time - 2024-05-09 19:10:52<br> Kael224/(Kael) Assessed Kael
<hr>Year - 0, Time - 2024-05-09 19:10:52<br> Kael224/(Kael) Assessed Kael
<hr>Year - 0, Time - 2024-05-09 19:10:53<br> Kael224/(Kael) Assessed Kael
<hr>Year - 0, Time - 2024-05-09 19:11:47<br> Kael224/(Kael) Assessed Kael
<hr>Year - 0, Time - 2024-05-09 19:12:03<br> Kael224/(Kael) Assessed Kael
<hr>Year - 0, Time - 2024-05-09 19:12:34<br> Kael224/(Kael) Assessed Kael
<hr>Year - 0, Time - 2024-05-09 19:12:56<br> Kael224/(Kael) begins to edit Kael.
<hr>Year - 0, Time - 2024-05-09 19:13:24<br> Kael224/(Kael) Assessed Kael
<hr>Year - 0, Time - 2024-05-09 19:13:25<br> Kael224/(Kael) Assessed Kael
<hr>Year - 0, Time - 2024-05-09 19:15:16<br> Kael224/(Kael) Assessed Kael
<hr>Year - 0, Time - 2024-05-09 19:15:57<br> Kael224/(Kael) Assessed Kael
<hr>Year - 0, Time - 2024-05-09 19:15:58<br> Kael224/(Kael) Assessed Kael
<hr>Year - 0, Time - 2024-05-09 19:15:59<br> Kael224/(Kael) Assessed Kael
<hr>Year - 0, Time - 2024-05-09 19:24:33<br> Kael224/(Kael) Assessed Kael
<hr>Year - 0, Time - 2024-05-09 19:24:43<br> Kael224/(Kael) begins to edit Kael.
<hr>Year - 0, Time - 2024-05-09 19:24:57<br> Kael224/(Kael) Assessed Kael
<hr>Year - 0, Time - 2024-05-09 19:24:57<br> Kael224/(Kael) Assessed Kael
<hr>Year - 0, Time - 2024-05-09 19:24:58<br> Kael224/(Kael) Assessed Kael
<hr>Year - 0, Time - 2024-05-09 19:25:14<br> Kael224/(Kael) begins to edit *invalid:/obj/items/Weights*.
<hr>Year - 0, Time - 2024-05-09 19:25:14<br> Kael224/(Kael) begins to edit 52lb Weights.
<hr>Year - 0, Time - 2024-05-09 19:25:29<br> Kael224/(Kael) begins to edit 52lb Weights.
<hr>Year - 0, Time - 2024-05-09 19:25:32<br> Kael224/(Kael) begins to edit 52lb Weights.
<hr>Year - 0, Time - 2024-05-09 19:25:58<br> Kael224/(Kael) begins to edit 52lb Weights.
<hr>Year - 0, Time - 2024-05-09 19:25:59<br> Kael224 modified 52lb Weights's Weight 52 (Num) to 12426 (Num)
<hr>Year - 0, Time - 2024-05-09 19:35:25<br> Kael224/(Kael) Assessed Kael
<hr>Year - 0, Time - 2024-05-09 19:35:29<br> Kael224/(Kael) Assessed Kael
<hr>Year - 0, Time - 2024-05-09 19:35:31<br> Kael224/(Kael) Assessed Kael
<hr>Year - 0, Time - 2024-05-09 19:35:31<br> Kael224/(Kael) Assessed Kael
<hr>Year - 0, Time - 2024-05-09 19:35:44<br> Kael224/(Kael) begins to edit *invalid:/obj/items/Weights*.
<hr>Year - 0, Time - 2024-05-09 19:35:44<br> Kael224/(Kael) begins to edit 52lb Weights.
<hr>Year - 0, Time - 2024-05-09 19:38:20<br> Kael224/(Kael) Assessed Kael
<hr>Year - 0, Time - 2024-05-09 20:09:56<br> Kael224/(Kael) begins to edit *invalid:/obj/items/Weights*.
<hr>Year - 0, Time - 2024-05-09 20:09:56<br> Kael224/(Kael) begins to edit 52lb Weights.
<hr>Year - 0, Time - 2024-05-09 20:10:05<br> Kael224/(Kael) begins to edit *invalid:/obj/items/Weights*.
<hr>Year - 0, Time - 2024-05-09 20:10:05<br> Kael224/(Kael) begins to edit 26lb Weights.
<hr>Year - 0, Time - 2024-05-09 20:10:09<br> Kael224/(Kael) begins to edit 26lb Weights.
<hr>Year - 0, Time - 2024-05-09 20:10:11<br> Kael224/(Kael) begins to edit 26lb Weights.
<hr>Year - 0, Time - 2024-05-09 20:10:28<br> Kael224/(Kael) begins to edit 26lb Weights.
<hr>Year - 0, Time - 2024-05-09 20:10:28<br> Kael224 modified 26lb Weights's Weight 26 (Num) to 6213 (Num)
<hr>Year - 0, Time - 2024-05-09 20:23:21<br> Kael224/(Kael) begins to edit Kael224/(Kael).
<hr>Year - 0, Time - 2024-05-09 20:23:21<br> Kael224/(Kael) begins to edit Kael.
<hr>Year - 0, Time - 2024-05-09 20:23:31<br> Kael224/(Kael) Assessed Kael
<hr>Year - 0, Time - 2024-05-09 20:23:37<br> Kael224/(Kael) Assessed Kael
<hr>Year - 0, Time - 2024-05-09 20:23:37<br> Kael224/(Kael) Assessed Kael
<hr>Year - 0, Time - 2024-05-09 20:23:38<br> Kael224/(Kael) Assessed Kael
<hr>Year - 0, Time - 2024-05-09 20:23:38<br> Kael224/(Kael) Assessed Kael
<hr>Year - 0, Time - 2024-05-09 20:23:42<br> Kael224/(Kael) Assessed Kael
<hr>Year - 0, Time - 2024-05-09 20:23:43<br> Kael224/(Kael) Assessed Kael
<hr>Year - 0, Time - 2024-05-09 20:23:44<br> Kael224/(Kael) Assessed Kael
<hr>Year - 0, Time - 2024-05-09 20:23:44<br> Kael224/(Kael) Assessed Kael
<hr>Year - 0, Time - 2024-05-09 20:23:44<br> Kael224/(Kael) Assessed Kael
<hr>Year - 0, Time - 2024-05-09 20:23:45<br> Kael224/(Kael) Assessed Kael
<hr>Year - 0, Time - 2024-05-09 20:24:06<br> Kael224/(Kael) Assessed Kael
<hr>Year - 0, Time - 2024-05-09 20:24:36<br> Kael224/(Kael) begins to edit Kael.
<hr>Year - 0, Time - 2024-05-09 20:24:39<br> Kael224/(Kael) begins to edit Kael.
<hr>Year - 0, Time - 2024-05-09 20:24:45<br> Kael224/(Kael) begins to edit Kael.
<hr>Year - 0, Time - 2024-05-09 20:24:47<br> Kael224 modified Kael's Ki 189 (Num) to 5 (Num)
<hr>Year - 0, Time - 2024-05-09 20:25:17<br> Kael224/(Kael) begins to edit Kael.
<hr>Year - 0, Time - 2024-05-09 20:25:23<br> Kael224/(Kael) begins to edit Kael.
<hr>Year - 0, Time - 2024-05-09 20:25:25<br> Kael224 modified Kael's Ki 195 (Num) to 10 (Num)
<hr>Year - 0, Time - 2024-05-09 20:25:51<br> Kael224/(Kael) Assessed Kael
<hr>Year - 0, Time - 2024-05-09 20:25:51<br> Kael224/(Kael) Assessed Kael
<hr>Year - 0, Time - 2024-05-09 20:27:36<br> Kael224/(Kael) begins to edit Kael224/(Kael).
<hr>Year - 0, Time - 2024-05-09 20:27:36<br> Kael224/(Kael) begins to edit Kael.
<hr>Year - 0, Time - 2024-05-09 20:27:52<br> Kael224/(Kael) begins to edit Kael.
<hr>Year - 0, Time - 2024-05-09 20:27:58<br> Kael224/(Kael) begins to edit Kael.
<hr>Year - 0, Time - 2024-05-09 20:28:02<br> Kael224/(Kael) begins to edit Kael.
<hr>Year - 0, Time - 2024-05-09 20:28:03<br> Kael224 modified Kael's Ki 197 (Num) to 5 (Num)
<hr>Year - 0, Time - 2024-05-09 20:28:22<br> Kael224/(Kael) begins to edit Kael.
<hr>Year - 0, Time - 2024-05-09 20:28:26<br> Kael224/(Kael) begins to edit Kael.
<hr>Year - 0, Time - 2024-05-09 20:28:28<br> Kael224 modified Kael's Ki 1 (Num) to 10 (Num)
<hr>Year - 0, Time - 2024-05-09 20:32:08<br> Kael224/(Kael) begins to edit Kael224/(Kael).
<hr>Year - 0, Time - 2024-05-09 20:32:08<br> Kael224/(Kael) begins to edit Kael.
<hr>Year - 0, Time - 2024-05-09 20:32:19<br> Kael224/(Kael) begins to edit Kael.
<hr>Year - 0, Time - 2024-05-09 20:32:23<br> Kael224/(Kael) begins to edit Kael.
<hr>Year - 0, Time - 2024-05-09 20:32:49<br> Kael224/(Kael) begins to edit Kael.
<hr>Year - 0, Time - 2024-05-09 20:32:50<br> Kael224 modified Kael's Ki 187 (Num) to 20 (Num)
<hr>Year - 0, Time - 2024-05-09 20:35:00<br> Kael224/(Kael) used AdminHeal on Kael224/(Kael)
