<hr>Year - 0, Time - 2024-05-10 17:47:20<br> Kael224/(Kael) Assessed Kael
<hr>Year - 0, Time - 2024-05-10 17:47:25<br> Kael224/(Kael) Assessed Kael
<hr>Year - 0, Time - 2024-05-10 17:47:26<br> Kael224/(Kael) Assessed Kael
<hr>Year - 0, Time - 2024-05-10 17:47:52<br> Kael224/(Kael) Assessed Kael
<hr>Year - 0, Time - 2024-05-10 17:48:00<br> Kael224/(Kael) Assessed Kael
<hr>Year - 0, Time - 2024-05-10 17:48:01<br> Kael224/(Kael) Assessed Kael
<hr>Year - 0, Time - 2024-05-10 17:48:02<br> Kael224/(Kael) Assessed Kael
<hr>Year - 0, Time - 2024-05-10 17:48:02<br> Kael224/(Kael) Assessed Kael
<hr>Year - 7, Time - 2024-05-10 17:48:14<br> Kael224 set the year to Week 1 of February, Year 7
<hr>Year - 0, Time - 2024-05-10 17:57:42<br> Kael224/(Kael) Assessed Kael
<hr>Year - 0, Time - 2024-05-10 17:57:48<br> <a href="byond://?src=%admin_ref%;priv_msg=[0x3000002]">Kael224</a>/(Kael) used XYZTeleport on Kael to (0,0,0)
<hr>Year - 0, Time - 2024-05-10 17:57:58<br> Kael224/(Kael) sent Kael224/(Kael) to spawn
<hr>Year - 0, Time - 2024-05-10 17:59:25<br> Kael224/(Kael) sent Kael224/(Kael) to spawn
<hr>Year - 0, Time - 2024-05-10 17:59:34<br> <a href="byond://?src=%admin_ref%;priv_msg=[0x3000002]">Kael224</a>/(Kael) used XYZTeleport on Kael to (0,0,0)
<hr>Year - 0, Time - 2024-05-10 17:59:34<br> Kael224/(Kael) sent Kael224/(Kael) to spawn
<hr>Year - 0, Time - 2024-05-10 18:04:45<br> Kael224/(Kael) sent Kael224/(Kael) to spawn
<hr>Year - 0, Time - 2024-05-10 18:04:48<br> Kael224/(Kael) Assessed Kael
<hr>Year - 0, Time - 2024-05-10 18:04:52<br> Kael224/(Kael) begins to edit Kael224/(Kael).
<hr>Year - 0, Time - 2024-05-10 18:04:52<br> Kael224/(Kael) begins to edit Kael.
<hr>Year - 0, Time - 2024-05-10 18:04:57<br> Kael224/(Kael) begins to edit Kael.
<hr>Year - 0, Time - 2024-05-10 18:05:01<br> Kael224/(Kael) begins to edit Kael.
<hr>Year - 0, Time - 2024-05-10 18:05:04<br> Kael224/(Kael) begins to edit Kael.
<hr>Year - 0, Time - 2024-05-10 18:05:05<br> Kael224 modified Kael's GravMastered 2.01476 (Num) to 123 (Num)
<hr>Year - 0, Time - 2024-05-10 18:05:08<br> Kael224/(Kael) Assessed Kael
<hr>Year - 0, Time - 2024-05-10 18:05:08<br> Kael224/(Kael) Assessed Kael
<hr>Year - 0, Time - 2024-05-10 18:05:09<br> Kael224/(Kael) Assessed Kael
<hr>Year - 0, Time - 2024-05-10 18:05:09<br> Kael224/(Kael) Assessed Kael
<hr>Year - 0, Time - 2024-05-10 18:05:09<br> Kael224/(Kael) Assessed Kael
