<hr>Year - 0, Time - 2024-05-14 18:50:27<br> Kael224/(Kael) sent Kael224/(Kael) to spawn
<hr>Year - 0, Time - 2024-05-14 18:50:47<br> Kael224/(Kael) created /obj/Tech/Stations/Gravity_Generator
<hr>Year - 0, Time - 2024-05-14 18:53:14<br> Kael224/(Kael) sent Kael224/(Kael) to spawn
<hr>Year - 0, Time - 2024-05-14 18:53:48<br> Kael224/(Kael) created /obj/Tech/Stations/Gravity_Generator
<hr>Year - 0, Time - 2024-05-14 18:56:15<br> Kael224/(Kael) sent Kael224/(Kael) to spawn
<hr>Year - 0, Time - 2024-05-14 18:59:38<br> Kael224/(Kael) sent Kael224/(Kael) to spawn
<hr>Year - 0, Time - 2024-05-14 19:01:47<br> Kael224/(Kael) sent Kael224/(Kael) to spawn
<hr>Year - 0, Time - 2024-05-14 19:02:11<br> Kael224/(Kael) begins to edit *invalid:/turf/atom/Underground*.
<hr>Year - 0, Time - 2024-05-14 19:02:11<br> Kael224/(Kael) begins to edit Underground.
<hr>Year - 0, Time - 2024-05-14 19:10:17<br> Kael224/(Kael) sent Kael224/(Kael) to spawn
<hr>Year - 0, Time - 2024-05-14 19:10:43<br> Kael224/(Kael) Assessed Kael
<hr>Year - 0, Time - 2024-05-14 19:10:47<br> Kael224/(Kael) Assessed Kael
<hr>Year - 0, Time - 2024-05-14 19:10:48<br> Kael224/(Kael) Assessed Kael
<hr>Year - 0, Time - 2024-05-14 19:10:59<br> Kael224/(Kael) begins to edit *invalid:/turf/atom/Underground*.
<hr>Year - 0, Time - 2024-05-14 19:10:59<br> Kael224/(Kael) begins to edit Underground.
<hr>Year - 0, Time - 2024-05-14 19:15:05<br> Kael224/(Kael) begins to edit Kael224/(Kael).
<hr>Year - 0, Time - 2024-05-14 19:15:06<br> Kael224/(Kael) begins to edit Kael.
<hr>Year - 0, Time - 2024-05-14 19:15:21<br> Kael224/(Kael) begins to edit Kael.
<hr>Year - 0, Time - 2024-05-14 19:15:24<br> Kael224/(Kael) begins to edit Kael.
<hr>Year - 0, Time - 2024-05-14 19:15:28<br> Kael224/(Kael) begins to edit Kael.
<hr>Year - 0, Time - 2024-05-14 19:15:29<br> Kael224 modified Kael's Gravity 1 (Num) to 2 (Num)
<hr>Year - 0, Time - 2024-05-14 19:56:18<br> Kael224/(Kael) sent Kael224/(Kael) to spawn
