

Starting up. 18:25.20
---------------------

ADMIN: mumit = Owner
ADMIN: chewyy = Owner
ADMIN: kael224 = Owner
ADMIN: archaosmura = SeniorAdministrator
ADMIN: Eclipse2020 = Administrator
ADMIN: The_Skyla = SeniorAdministrator
ADMIN: SpiderBroly = SeniorAdministrator
ADMIN: Weasker193 = SeniorAdministrator
18:25.20 Server is still running.
All files loaded.

Shutting down. 18:37.13
---------------------



Starting up. 18:43.23
---------------------

ADMIN: mumit = Owner
ADMIN: chewyy = Owner
ADMIN: kael224 = Owner
ADMIN: archaosmura = SeniorAdministrator
ADMIN: Eclipse2020 = Administrator
ADMIN: The_Skyla = SeniorAdministrator
ADMIN: SpiderBroly = SeniorAdministrator
ADMIN: Weasker193 = SeniorAdministrator
18:43.24 Server is still running.
All files loaded.

Shutting down. 18:46.41
---------------------



Starting up. 18:47.17
---------------------

ADMIN: mumit = Owner
ADMIN: chewyy = Owner
ADMIN: kael224 = Owner
ADMIN: archaosmura = SeniorAdministrator
ADMIN: Eclipse2020 = Administrator
ADMIN: The_Skyla = SeniorAdministrator
ADMIN: SpiderBroly = SeniorAdministrator
ADMIN: Weasker193 = SeniorAdministrator
18:47.17 Server is still running.
All files loaded.

Shutting down. 19:07.02
---------------------



Starting up. 19:07.19
---------------------

ADMIN: mumit = Owner
ADMIN: chewyy = Owner
ADMIN: kael224 = Owner
ADMIN: archaosmura = SeniorAdministrator
ADMIN: Eclipse2020 = Administrator
ADMIN: The_Skyla = SeniorAdministrator
ADMIN: SpiderBroly = SeniorAdministrator
ADMIN: Weasker193 = SeniorAdministrator
19:07.19 Server is still running.
All files loaded.

Shutting down. 19:40.38
---------------------



Starting up. 19:54.19
---------------------

ADMIN: mumit = Owner
ADMIN: chewyy = Owner
ADMIN: kael224 = Owner
ADMIN: archaosmura = SeniorAdministrator
ADMIN: Eclipse2020 = Administrator
ADMIN: The_Skyla = SeniorAdministrator
ADMIN: SpiderBroly = SeniorAdministrator
ADMIN: Weasker193 = SeniorAdministrator
19:54.19 Server is still running.
All files loaded.

Shutting down. 19:59.04
---------------------

