

Starting up. 12:26.14
---------------------

ADMIN: mumit = Owner
ADMIN: chewyy = Owner
ADMIN: kael224 = Owner
ADMIN: archaosmura = SeniorAdministrator
ADMIN: Eclipse2020 = Administrator
ADMIN: The_Skyla = SeniorAdministrator
ADMIN: SpiderBroly = SeniorAdministrator
ADMIN: Weasker193 = SeniorAdministrator
All files loaded.

Shutting down. 12:39.00
---------------------



Starting up. 12:39.05
---------------------

ADMIN: mumit = Owner
ADMIN: chewyy = Owner
ADMIN: kael224 = Owner
ADMIN: archaosmura = SeniorAdministrator
ADMIN: Eclipse2020 = Administrator
ADMIN: The_Skyla = SeniorAdministrator
ADMIN: SpiderBroly = SeniorAdministrator
ADMIN: Weasker193 = SeniorAdministrator
All files loaded.

Shutting down. 12:42.00
---------------------



Starting up. 12:42.11
---------------------

ADMIN: mumit = Owner
ADMIN: chewyy = Owner
ADMIN: kael224 = Owner
ADMIN: archaosmura = SeniorAdministrator
ADMIN: Eclipse2020 = Administrator
ADMIN: The_Skyla = SeniorAdministrator
ADMIN: SpiderBroly = SeniorAdministrator
ADMIN: Weasker193 = SeniorAdministrator
All files loaded.

Shutting down. 12:45.35
---------------------



Starting up. 12:45.38
---------------------

ADMIN: mumit = Owner
ADMIN: chewyy = Owner
ADMIN: kael224 = Owner
ADMIN: archaosmura = SeniorAdministrator
ADMIN: Eclipse2020 = Administrator
ADMIN: The_Skyla = SeniorAdministrator
ADMIN: SpiderBroly = SeniorAdministrator
ADMIN: Weasker193 = SeniorAdministrator
All files loaded.


Starting up. 15:02.14
---------------------

ADMIN: mumit = Owner
ADMIN: chewyy = Owner
ADMIN: kael224 = Owner
ADMIN: archaosmura = SeniorAdministrator
ADMIN: Eclipse2020 = Administrator
ADMIN: The_Skyla = SeniorAdministrator
ADMIN: SpiderBroly = SeniorAdministrator
ADMIN: Weasker193 = SeniorAdministrator
All files loaded.


Starting up. 15:15.20
---------------------

ADMIN: mumit = Owner
ADMIN: chewyy = Owner
ADMIN: kael224 = Owner
ADMIN: archaosmura = SeniorAdministrator
ADMIN: Eclipse2020 = Administrator
ADMIN: The_Skyla = SeniorAdministrator
ADMIN: SpiderBroly = SeniorAdministrator
ADMIN: Weasker193 = SeniorAdministrator
All files loaded.


Starting up. 15:18.44
---------------------

ADMIN: mumit = Owner
ADMIN: chewyy = Owner
ADMIN: kael224 = Owner
ADMIN: archaosmura = SeniorAdministrator
ADMIN: Eclipse2020 = Administrator
ADMIN: The_Skyla = SeniorAdministrator
ADMIN: SpiderBroly = SeniorAdministrator
ADMIN: Weasker193 = SeniorAdministrator
All files loaded.


Starting up. 15:19.57
---------------------

ADMIN: mumit = Owner
ADMIN: chewyy = Owner
ADMIN: kael224 = Owner
ADMIN: archaosmura = SeniorAdministrator
ADMIN: Eclipse2020 = Administrator
ADMIN: The_Skyla = SeniorAdministrator
ADMIN: SpiderBroly = SeniorAdministrator
ADMIN: Weasker193 = SeniorAdministrator
All files loaded.


Starting up. 15:21.13
---------------------

ADMIN: mumit = Owner
ADMIN: chewyy = Owner
ADMIN: kael224 = Owner
ADMIN: archaosmura = SeniorAdministrator
ADMIN: Eclipse2020 = Administrator
ADMIN: The_Skyla = SeniorAdministrator
ADMIN: SpiderBroly = SeniorAdministrator
ADMIN: Weasker193 = SeniorAdministrator
All files loaded.


Starting up. 15:47.23
---------------------

ADMIN: mumit = Owner
ADMIN: chewyy = Owner
ADMIN: kael224 = Owner
ADMIN: archaosmura = SeniorAdministrator
ADMIN: Eclipse2020 = Administrator
ADMIN: The_Skyla = SeniorAdministrator
ADMIN: SpiderBroly = SeniorAdministrator
ADMIN: Weasker193 = SeniorAdministrator
All files loaded.


Starting up. 15:50.05
---------------------

ADMIN: mumit = Owner
ADMIN: chewyy = Owner
ADMIN: kael224 = Owner
ADMIN: archaosmura = SeniorAdministrator
ADMIN: Eclipse2020 = Administrator
ADMIN: The_Skyla = SeniorAdministrator
ADMIN: SpiderBroly = SeniorAdministrator
ADMIN: Weasker193 = SeniorAdministrator
All files loaded.


Starting up. 15:57.40
---------------------

ADMIN: mumit = Owner
ADMIN: chewyy = Owner
ADMIN: kael224 = Owner
ADMIN: archaosmura = SeniorAdministrator
ADMIN: Eclipse2020 = Administrator
ADMIN: The_Skyla = SeniorAdministrator
ADMIN: SpiderBroly = SeniorAdministrator
ADMIN: Weasker193 = SeniorAdministrator
All files loaded.


Starting up. 16:00.39
---------------------

ADMIN: mumit = Owner
ADMIN: chewyy = Owner
ADMIN: kael224 = Owner
ADMIN: archaosmura = SeniorAdministrator
ADMIN: Eclipse2020 = Administrator
ADMIN: The_Skyla = SeniorAdministrator
ADMIN: SpiderBroly = SeniorAdministrator
ADMIN: Weasker193 = SeniorAdministrator
All files loaded.


Starting up. 16:02.01
---------------------

ADMIN: mumit = Owner
ADMIN: chewyy = Owner
ADMIN: kael224 = Owner
ADMIN: archaosmura = SeniorAdministrator
ADMIN: Eclipse2020 = Administrator
ADMIN: The_Skyla = SeniorAdministrator
ADMIN: SpiderBroly = SeniorAdministrator
ADMIN: Weasker193 = SeniorAdministrator
All files loaded.


Starting up. 16:04.21
---------------------

ADMIN: mumit = Owner
ADMIN: chewyy = Owner
ADMIN: kael224 = Owner
ADMIN: archaosmura = SeniorAdministrator
ADMIN: Eclipse2020 = Administrator
ADMIN: The_Skyla = SeniorAdministrator
ADMIN: SpiderBroly = SeniorAdministrator
ADMIN: Weasker193 = SeniorAdministrator
All files loaded.


Starting up. 16:06.36
---------------------

ADMIN: mumit = Owner
ADMIN: chewyy = Owner
ADMIN: kael224 = Owner
ADMIN: archaosmura = SeniorAdministrator
ADMIN: Eclipse2020 = Administrator
ADMIN: The_Skyla = SeniorAdministrator
ADMIN: SpiderBroly = SeniorAdministrator
ADMIN: Weasker193 = SeniorAdministrator
All files loaded.


Starting up. 16:13.51
---------------------

ADMIN: mumit = Owner
ADMIN: chewyy = Owner
ADMIN: kael224 = Owner
ADMIN: archaosmura = SeniorAdministrator
ADMIN: Eclipse2020 = Administrator
ADMIN: The_Skyla = SeniorAdministrator
ADMIN: SpiderBroly = SeniorAdministrator
ADMIN: Weasker193 = SeniorAdministrator
All files loaded.

Shutting down. 16:15.00
---------------------



Starting up. 16:15.36
---------------------

ADMIN: mumit = Owner
ADMIN: chewyy = Owner
ADMIN: kael224 = Owner
ADMIN: archaosmura = SeniorAdministrator
ADMIN: Eclipse2020 = Administrator
ADMIN: The_Skyla = SeniorAdministrator
ADMIN: SpiderBroly = SeniorAdministrator
ADMIN: Weasker193 = SeniorAdministrator
All files loaded.

Shutting down. 16:16.26
---------------------



Starting up. 16:16.49
---------------------

ADMIN: mumit = Owner
ADMIN: chewyy = Owner
ADMIN: kael224 = Owner
ADMIN: archaosmura = SeniorAdministrator
ADMIN: Eclipse2020 = Administrator
ADMIN: The_Skyla = SeniorAdministrator
ADMIN: SpiderBroly = SeniorAdministrator
ADMIN: Weasker193 = SeniorAdministrator
All files loaded.

Shutting down. 16:18.07
---------------------



Starting up. 16:19.43
---------------------

ADMIN: mumit = Owner
ADMIN: chewyy = Owner
ADMIN: kael224 = Owner
ADMIN: archaosmura = SeniorAdministrator
ADMIN: Eclipse2020 = Administrator
ADMIN: The_Skyla = SeniorAdministrator
ADMIN: SpiderBroly = SeniorAdministrator
ADMIN: Weasker193 = SeniorAdministrator
All files loaded.

Shutting down. 16:21.01
---------------------



Starting up. 16:21.22
---------------------

ADMIN: mumit = Owner
ADMIN: chewyy = Owner
ADMIN: kael224 = Owner
ADMIN: archaosmura = SeniorAdministrator
ADMIN: Eclipse2020 = Administrator
ADMIN: The_Skyla = SeniorAdministrator
ADMIN: SpiderBroly = SeniorAdministrator
ADMIN: Weasker193 = SeniorAdministrator
All files loaded.

Shutting down. 16:23.17
---------------------



Starting up. 16:23.40
---------------------

ADMIN: mumit = Owner
ADMIN: chewyy = Owner
ADMIN: kael224 = Owner
ADMIN: archaosmura = SeniorAdministrator
ADMIN: Eclipse2020 = Administrator
ADMIN: The_Skyla = SeniorAdministrator
ADMIN: SpiderBroly = SeniorAdministrator
ADMIN: Weasker193 = SeniorAdministrator
All files loaded.


Starting up. 16:28.23
---------------------

ADMIN: mumit = Owner
ADMIN: chewyy = Owner
ADMIN: kael224 = Owner
ADMIN: archaosmura = SeniorAdministrator
ADMIN: Eclipse2020 = Administrator
ADMIN: The_Skyla = SeniorAdministrator
ADMIN: SpiderBroly = SeniorAdministrator
ADMIN: Weasker193 = SeniorAdministrator
All files loaded.

Shutting down. 16:35.36
---------------------



Starting up. 16:59.29
---------------------

ADMIN: mumit = Owner
ADMIN: chewyy = Owner
ADMIN: kael224 = Owner
ADMIN: archaosmura = SeniorAdministrator
ADMIN: Eclipse2020 = Administrator
ADMIN: The_Skyla = SeniorAdministrator
ADMIN: SpiderBroly = SeniorAdministrator
ADMIN: Weasker193 = SeniorAdministrator
All files loaded.

Shutting down. 17:01.30
---------------------



Starting up. 17:01.32
---------------------

ADMIN: mumit = Owner
ADMIN: chewyy = Owner
ADMIN: kael224 = Owner
ADMIN: archaosmura = SeniorAdministrator
ADMIN: Eclipse2020 = Administrator
ADMIN: The_Skyla = SeniorAdministrator
ADMIN: SpiderBroly = SeniorAdministrator
ADMIN: Weasker193 = SeniorAdministrator
All files loaded.

Shutting down. 17:10.39
---------------------



Starting up. 17:44.54
---------------------

ADMIN: mumit = Owner
ADMIN: chewyy = Owner
ADMIN: kael224 = Owner
ADMIN: archaosmura = SeniorAdministrator
ADMIN: Eclipse2020 = Administrator
ADMIN: The_Skyla = SeniorAdministrator
ADMIN: SpiderBroly = SeniorAdministrator
ADMIN: Weasker193 = SeniorAdministrator
All files loaded.

Shutting down. 17:50.58
---------------------



Starting up. 17:51.01
---------------------

ADMIN: mumit = Owner
ADMIN: chewyy = Owner
ADMIN: kael224 = Owner
ADMIN: archaosmura = SeniorAdministrator
ADMIN: Eclipse2020 = Administrator
ADMIN: The_Skyla = SeniorAdministrator
ADMIN: SpiderBroly = SeniorAdministrator
ADMIN: Weasker193 = SeniorAdministrator
All files loaded.

Shutting down. 17:55.01
---------------------



Starting up. 17:55.34
---------------------

ADMIN: mumit = Owner
ADMIN: chewyy = Owner
ADMIN: kael224 = Owner
ADMIN: archaosmura = SeniorAdministrator
ADMIN: Eclipse2020 = Administrator
ADMIN: The_Skyla = SeniorAdministrator
ADMIN: SpiderBroly = SeniorAdministrator
ADMIN: Weasker193 = SeniorAdministrator
All files loaded.

Shutting down. 17:57.11
---------------------



Starting up. 17:57.31
---------------------

ADMIN: mumit = Owner
ADMIN: chewyy = Owner
ADMIN: kael224 = Owner
ADMIN: archaosmura = SeniorAdministrator
ADMIN: Eclipse2020 = Administrator
ADMIN: The_Skyla = SeniorAdministrator
ADMIN: SpiderBroly = SeniorAdministrator
ADMIN: Weasker193 = SeniorAdministrator
All files loaded.

Shutting down. 18:00.18
---------------------



Starting up. 18:12.21
---------------------

ADMIN: mumit = Owner
ADMIN: chewyy = Owner
ADMIN: kael224 = Owner
ADMIN: archaosmura = SeniorAdministrator
ADMIN: Eclipse2020 = Administrator
ADMIN: The_Skyla = SeniorAdministrator
ADMIN: SpiderBroly = SeniorAdministrator
ADMIN: Weasker193 = SeniorAdministrator
All files loaded.

Shutting down. 18:14.31
---------------------



Starting up. 18:14.45
---------------------

ADMIN: mumit = Owner
ADMIN: chewyy = Owner
ADMIN: kael224 = Owner
ADMIN: archaosmura = SeniorAdministrator
ADMIN: Eclipse2020 = Administrator
ADMIN: The_Skyla = SeniorAdministrator
ADMIN: SpiderBroly = SeniorAdministrator
ADMIN: Weasker193 = SeniorAdministrator
All files loaded.

Shutting down. 18:15.09
---------------------



Starting up. 18:36.47
---------------------

ADMIN: mumit = Owner
ADMIN: chewyy = Owner
ADMIN: kael224 = Owner
ADMIN: archaosmura = SeniorAdministrator
ADMIN: Eclipse2020 = Administrator
ADMIN: The_Skyla = SeniorAdministrator
ADMIN: SpiderBroly = SeniorAdministrator
ADMIN: Weasker193 = SeniorAdministrator
All files loaded.

Shutting down. 18:40.17
---------------------



Starting up. 18:40.37
---------------------

ADMIN: mumit = Owner
ADMIN: chewyy = Owner
ADMIN: kael224 = Owner
ADMIN: archaosmura = SeniorAdministrator
ADMIN: Eclipse2020 = Administrator
ADMIN: The_Skyla = SeniorAdministrator
ADMIN: SpiderBroly = SeniorAdministrator
ADMIN: Weasker193 = SeniorAdministrator
All files loaded.

Shutting down. 18:41.04
---------------------



Starting up. 18:42.33
---------------------

ADMIN: mumit = Owner
ADMIN: chewyy = Owner
ADMIN: kael224 = Owner
ADMIN: archaosmura = SeniorAdministrator
ADMIN: Eclipse2020 = Administrator
ADMIN: The_Skyla = SeniorAdministrator
ADMIN: SpiderBroly = SeniorAdministrator
ADMIN: Weasker193 = SeniorAdministrator
All files loaded.

Shutting down. 18:44.08
---------------------



Starting up. 18:44.41
---------------------

ADMIN: mumit = Owner
ADMIN: chewyy = Owner
ADMIN: kael224 = Owner
ADMIN: archaosmura = SeniorAdministrator
ADMIN: Eclipse2020 = Administrator
ADMIN: The_Skyla = SeniorAdministrator
ADMIN: SpiderBroly = SeniorAdministrator
ADMIN: Weasker193 = SeniorAdministrator
All files loaded.

Shutting down. 18:49.21
---------------------



Starting up. 18:49.47
---------------------

ADMIN: mumit = Owner
ADMIN: chewyy = Owner
ADMIN: kael224 = Owner
ADMIN: archaosmura = SeniorAdministrator
ADMIN: Eclipse2020 = Administrator
ADMIN: The_Skyla = SeniorAdministrator
ADMIN: SpiderBroly = SeniorAdministrator
ADMIN: Weasker193 = SeniorAdministrator
All files loaded.

Shutting down. 18:50.20
---------------------



Starting up. 18:50.34
---------------------

ADMIN: mumit = Owner
ADMIN: chewyy = Owner
ADMIN: kael224 = Owner
ADMIN: archaosmura = SeniorAdministrator
ADMIN: Eclipse2020 = Administrator
ADMIN: The_Skyla = SeniorAdministrator
ADMIN: SpiderBroly = SeniorAdministrator
ADMIN: Weasker193 = SeniorAdministrator
All files loaded.

Shutting down. 18:51.39
---------------------



Starting up. 18:51.48
---------------------

ADMIN: mumit = Owner
ADMIN: chewyy = Owner
ADMIN: kael224 = Owner
ADMIN: archaosmura = SeniorAdministrator
ADMIN: Eclipse2020 = Administrator
ADMIN: The_Skyla = SeniorAdministrator
ADMIN: SpiderBroly = SeniorAdministrator
ADMIN: Weasker193 = SeniorAdministrator
All files loaded.

Shutting down. 18:52.30
---------------------



Starting up. 18:52.59
---------------------

ADMIN: mumit = Owner
ADMIN: chewyy = Owner
ADMIN: kael224 = Owner
ADMIN: archaosmura = SeniorAdministrator
ADMIN: Eclipse2020 = Administrator
ADMIN: The_Skyla = SeniorAdministrator
ADMIN: SpiderBroly = SeniorAdministrator
ADMIN: Weasker193 = SeniorAdministrator
All files loaded.

Shutting down. 18:53.28
---------------------



Starting up. 18:54.01
---------------------

ADMIN: mumit = Owner
ADMIN: chewyy = Owner
ADMIN: kael224 = Owner
ADMIN: archaosmura = SeniorAdministrator
ADMIN: Eclipse2020 = Administrator
ADMIN: The_Skyla = SeniorAdministrator
ADMIN: SpiderBroly = SeniorAdministrator
ADMIN: Weasker193 = SeniorAdministrator
All files loaded.

Shutting down. 18:54.22
---------------------



Starting up. 18:54.36
---------------------

ADMIN: mumit = Owner
ADMIN: chewyy = Owner
ADMIN: kael224 = Owner
ADMIN: archaosmura = SeniorAdministrator
ADMIN: Eclipse2020 = Administrator
ADMIN: The_Skyla = SeniorAdministrator
ADMIN: SpiderBroly = SeniorAdministrator
ADMIN: Weasker193 = SeniorAdministrator
All files loaded.

Shutting down. 19:00.30
---------------------



Starting up. 19:01.44
---------------------

ADMIN: mumit = Owner
ADMIN: chewyy = Owner
ADMIN: kael224 = Owner
ADMIN: archaosmura = SeniorAdministrator
ADMIN: Eclipse2020 = Administrator
ADMIN: The_Skyla = SeniorAdministrator
ADMIN: SpiderBroly = SeniorAdministrator
ADMIN: Weasker193 = SeniorAdministrator
All files loaded.

Shutting down. 19:03.00
---------------------



Starting up. 19:03.06
---------------------

ADMIN: mumit = Owner
ADMIN: chewyy = Owner
ADMIN: kael224 = Owner
ADMIN: archaosmura = SeniorAdministrator
ADMIN: Eclipse2020 = Administrator
ADMIN: The_Skyla = SeniorAdministrator
ADMIN: SpiderBroly = SeniorAdministrator
ADMIN: Weasker193 = SeniorAdministrator
All files loaded.

Shutting down. 19:03.51
---------------------



Starting up. 19:04.13
---------------------

ADMIN: mumit = Owner
ADMIN: chewyy = Owner
ADMIN: kael224 = Owner
ADMIN: archaosmura = SeniorAdministrator
ADMIN: Eclipse2020 = Administrator
ADMIN: The_Skyla = SeniorAdministrator
ADMIN: SpiderBroly = SeniorAdministrator
ADMIN: Weasker193 = SeniorAdministrator
All files loaded.

Shutting down. 19:05.05
---------------------



Starting up. 19:10.26
---------------------

ADMIN: mumit = Owner
ADMIN: chewyy = Owner
ADMIN: kael224 = Owner
ADMIN: archaosmura = SeniorAdministrator
ADMIN: Eclipse2020 = Administrator
ADMIN: The_Skyla = SeniorAdministrator
ADMIN: SpiderBroly = SeniorAdministrator
ADMIN: Weasker193 = SeniorAdministrator
All files loaded.

Shutting down. 19:11.19
---------------------



Starting up. 19:11.29
---------------------

ADMIN: mumit = Owner
ADMIN: chewyy = Owner
ADMIN: kael224 = Owner
ADMIN: archaosmura = SeniorAdministrator
ADMIN: Eclipse2020 = Administrator
ADMIN: The_Skyla = SeniorAdministrator
ADMIN: SpiderBroly = SeniorAdministrator
ADMIN: Weasker193 = SeniorAdministrator
All files loaded.

Shutting down. 19:15.26
---------------------



Starting up. 19:15.37
---------------------

ADMIN: mumit = Owner
ADMIN: chewyy = Owner
ADMIN: kael224 = Owner
ADMIN: archaosmura = SeniorAdministrator
ADMIN: Eclipse2020 = Administrator
ADMIN: The_Skyla = SeniorAdministrator
ADMIN: SpiderBroly = SeniorAdministrator
ADMIN: Weasker193 = SeniorAdministrator
All files loaded.

Shutting down. 19:16.53
---------------------

