

Starting up. 10:30.35
---------------------

ADMIN: mumit = Owner
ADMIN: chewyy = Owner
ADMIN: kael224 = Owner
ADMIN: archaosmura = SeniorAdministrator
ADMIN: Eclipse2020 = Administrator
ADMIN: The_Skyla = SeniorAdministrator
ADMIN: SpiderBroly = SeniorAdministrator
ADMIN: Weasker193 = SeniorAdministrator
ADMIN: dante224 = Owner
All files loaded.

Shutting down. 10:31.26
---------------------



Starting up. 10:31.51
---------------------

ADMIN: mumit = Owner
ADMIN: chewyy = Owner
ADMIN: kael224 = Owner
ADMIN: archaosmura = SeniorAdministrator
ADMIN: Eclipse2020 = Administrator
ADMIN: The_Skyla = SeniorAdministrator
ADMIN: SpiderBroly = SeniorAdministrator
ADMIN: Weasker193 = SeniorAdministrator
ADMIN: dante224 = Owner
All files loaded.

Shutting down. 10:35.13
---------------------



Starting up. 10:35.39
---------------------

ADMIN: mumit = Owner
ADMIN: chewyy = Owner
ADMIN: kael224 = Owner
ADMIN: archaosmura = SeniorAdministrator
ADMIN: Eclipse2020 = Administrator
ADMIN: The_Skyla = SeniorAdministrator
ADMIN: SpiderBroly = SeniorAdministrator
ADMIN: Weasker193 = SeniorAdministrator
ADMIN: dante224 = Owner
All files loaded.

Shutting down. 10:43.24
---------------------



Starting up. 10:44.02
---------------------

ADMIN: mumit = Owner
ADMIN: chewyy = Owner
ADMIN: kael224 = Owner
ADMIN: archaosmura = SeniorAdministrator
ADMIN: Eclipse2020 = Administrator
ADMIN: The_Skyla = SeniorAdministrator
ADMIN: SpiderBroly = SeniorAdministrator
ADMIN: Weasker193 = SeniorAdministrator
ADMIN: dante224 = Owner
All files loaded.

Shutting down. 10:45.47
---------------------



Starting up. 10:46.41
---------------------

ADMIN: mumit = Owner
ADMIN: chewyy = Owner
ADMIN: kael224 = Owner
ADMIN: archaosmura = SeniorAdministrator
ADMIN: Eclipse2020 = Administrator
ADMIN: The_Skyla = SeniorAdministrator
ADMIN: SpiderBroly = SeniorAdministrator
ADMIN: Weasker193 = SeniorAdministrator
ADMIN: dante224 = Owner
All files loaded.

Shutting down. 10:47.18
---------------------



Starting up. 10:48.05
---------------------

ADMIN: mumit = Owner
ADMIN: chewyy = Owner
ADMIN: kael224 = Owner
ADMIN: archaosmura = SeniorAdministrator
ADMIN: Eclipse2020 = Administrator
ADMIN: The_Skyla = SeniorAdministrator
ADMIN: SpiderBroly = SeniorAdministrator
ADMIN: Weasker193 = SeniorAdministrator
ADMIN: dante224 = Owner
All files loaded.

Shutting down. 10:48.33
---------------------



Starting up. 10:49.28
---------------------

ADMIN: mumit = Owner
ADMIN: chewyy = Owner
ADMIN: kael224 = Owner
ADMIN: archaosmura = SeniorAdministrator
ADMIN: Eclipse2020 = Administrator
ADMIN: The_Skyla = SeniorAdministrator
ADMIN: SpiderBroly = SeniorAdministrator
ADMIN: Weasker193 = SeniorAdministrator
ADMIN: dante224 = Owner
All files loaded.

Shutting down. 10:50.17
---------------------



Starting up. 10:51.07
---------------------

ADMIN: mumit = Owner
ADMIN: chewyy = Owner
ADMIN: kael224 = Owner
ADMIN: archaosmura = SeniorAdministrator
ADMIN: Eclipse2020 = Administrator
ADMIN: The_Skyla = SeniorAdministrator
ADMIN: SpiderBroly = SeniorAdministrator
ADMIN: Weasker193 = SeniorAdministrator
ADMIN: dante224 = Owner
All files loaded.

Shutting down. 10:52.27
---------------------



Starting up. 10:52.43
---------------------

ADMIN: mumit = Owner
ADMIN: chewyy = Owner
ADMIN: kael224 = Owner
ADMIN: archaosmura = SeniorAdministrator
ADMIN: Eclipse2020 = Administrator
ADMIN: The_Skyla = SeniorAdministrator
ADMIN: SpiderBroly = SeniorAdministrator
ADMIN: Weasker193 = SeniorAdministrator
ADMIN: dante224 = Owner
All files loaded.

Shutting down. 10:54.03
---------------------



Starting up. 11:04.33
---------------------

ADMIN: mumit = Owner
ADMIN: chewyy = Owner
ADMIN: kael224 = Owner
ADMIN: archaosmura = SeniorAdministrator
ADMIN: Eclipse2020 = Administrator
ADMIN: The_Skyla = SeniorAdministrator
ADMIN: SpiderBroly = SeniorAdministrator
ADMIN: Weasker193 = SeniorAdministrator
ADMIN: dante224 = Owner
All files loaded.

Shutting down. 11:13.23
---------------------



Starting up. 11:21.26
---------------------

ADMIN: mumit = Owner
ADMIN: chewyy = Owner
ADMIN: kael224 = Owner
ADMIN: archaosmura = SeniorAdministrator
ADMIN: Eclipse2020 = Administrator
ADMIN: The_Skyla = SeniorAdministrator
ADMIN: SpiderBroly = SeniorAdministrator
ADMIN: Weasker193 = SeniorAdministrator
ADMIN: dante224 = Owner
All files loaded.

Shutting down. 11:42.38
---------------------



Starting up. 11:48.13
---------------------

ADMIN: mumit = Owner
ADMIN: chewyy = Owner
ADMIN: kael224 = Owner
ADMIN: archaosmura = SeniorAdministrator
ADMIN: Eclipse2020 = Administrator
ADMIN: The_Skyla = SeniorAdministrator
ADMIN: SpiderBroly = SeniorAdministrator
ADMIN: Weasker193 = SeniorAdministrator
ADMIN: dante224 = Owner
All files loaded.

Shutting down. 11:51.43
---------------------



Starting up. 11:54.26
---------------------

ADMIN: mumit = Owner
ADMIN: chewyy = Owner
ADMIN: kael224 = Owner
ADMIN: archaosmura = SeniorAdministrator
ADMIN: Eclipse2020 = Administrator
ADMIN: The_Skyla = SeniorAdministrator
ADMIN: SpiderBroly = SeniorAdministrator
ADMIN: Weasker193 = SeniorAdministrator
ADMIN: dante224 = Owner
All files loaded.

Shutting down. 13:32.33
---------------------



Starting up. 13:32.49
---------------------

ADMIN: mumit = Owner
ADMIN: chewyy = Owner
ADMIN: kael224 = Owner
ADMIN: archaosmura = SeniorAdministrator
ADMIN: Eclipse2020 = Administrator
ADMIN: The_Skyla = SeniorAdministrator
ADMIN: SpiderBroly = SeniorAdministrator
ADMIN: Weasker193 = SeniorAdministrator
ADMIN: dante224 = Owner
All files loaded.

Shutting down. 13:34.31
---------------------



Starting up. 13:37.32
---------------------

ADMIN: mumit = Owner
ADMIN: chewyy = Owner
ADMIN: kael224 = Owner
ADMIN: archaosmura = SeniorAdministrator
ADMIN: Eclipse2020 = Administrator
ADMIN: The_Skyla = SeniorAdministrator
ADMIN: SpiderBroly = SeniorAdministrator
ADMIN: Weasker193 = SeniorAdministrator
ADMIN: dante224 = Owner
All files loaded.

Shutting down. 13:47.05
---------------------



Starting up. 13:54.39
---------------------

ADMIN: mumit = Owner
ADMIN: chewyy = Owner
ADMIN: kael224 = Owner
ADMIN: archaosmura = SeniorAdministrator
ADMIN: Eclipse2020 = Administrator
ADMIN: The_Skyla = SeniorAdministrator
ADMIN: SpiderBroly = SeniorAdministrator
ADMIN: Weasker193 = SeniorAdministrator
ADMIN: dante224 = Owner
All files loaded.

Shutting down. 13:57.12
---------------------



Starting up. 13:57.24
---------------------

ADMIN: mumit = Owner
ADMIN: chewyy = Owner
ADMIN: kael224 = Owner
ADMIN: archaosmura = SeniorAdministrator
ADMIN: Eclipse2020 = Administrator
ADMIN: The_Skyla = SeniorAdministrator
ADMIN: SpiderBroly = SeniorAdministrator
ADMIN: Weasker193 = SeniorAdministrator
ADMIN: dante224 = Owner
All files loaded.

Shutting down. 13:58.17
---------------------



Starting up. 13:58.28
---------------------

ADMIN: mumit = Owner
ADMIN: chewyy = Owner
ADMIN: kael224 = Owner
ADMIN: archaosmura = SeniorAdministrator
ADMIN: Eclipse2020 = Administrator
ADMIN: The_Skyla = SeniorAdministrator
ADMIN: SpiderBroly = SeniorAdministrator
ADMIN: Weasker193 = SeniorAdministrator
ADMIN: dante224 = Owner
All files loaded.

Shutting down. 13:59.36
---------------------



Starting up. 14:00.11
---------------------

ADMIN: mumit = Owner
ADMIN: chewyy = Owner
ADMIN: kael224 = Owner
ADMIN: archaosmura = SeniorAdministrator
ADMIN: Eclipse2020 = Administrator
ADMIN: The_Skyla = SeniorAdministrator
ADMIN: SpiderBroly = SeniorAdministrator
ADMIN: Weasker193 = SeniorAdministrator
ADMIN: dante224 = Owner
All files loaded.

Shutting down. 14:01.38
---------------------



Starting up. 14:01.46
---------------------

ADMIN: mumit = Owner
ADMIN: chewyy = Owner
ADMIN: kael224 = Owner
ADMIN: archaosmura = SeniorAdministrator
ADMIN: Eclipse2020 = Administrator
ADMIN: The_Skyla = SeniorAdministrator
ADMIN: SpiderBroly = SeniorAdministrator
ADMIN: Weasker193 = SeniorAdministrator
ADMIN: dante224 = Owner
All files loaded.

Shutting down. 14:07.10
---------------------



Starting up. 14:07.33
---------------------

ADMIN: mumit = Owner
ADMIN: chewyy = Owner
ADMIN: kael224 = Owner
ADMIN: archaosmura = SeniorAdministrator
ADMIN: Eclipse2020 = Administrator
ADMIN: The_Skyla = SeniorAdministrator
ADMIN: SpiderBroly = SeniorAdministrator
ADMIN: Weasker193 = SeniorAdministrator
ADMIN: dante224 = Owner
All files loaded.

Shutting down. 14:08.04
---------------------



Starting up. 14:08.33
---------------------

ADMIN: mumit = Owner
ADMIN: chewyy = Owner
ADMIN: kael224 = Owner
ADMIN: archaosmura = SeniorAdministrator
ADMIN: Eclipse2020 = Administrator
ADMIN: The_Skyla = SeniorAdministrator
ADMIN: SpiderBroly = SeniorAdministrator
ADMIN: Weasker193 = SeniorAdministrator
ADMIN: dante224 = Owner
All files loaded.

Shutting down. 14:10.27
---------------------



Starting up. 14:10.54
---------------------

ADMIN: mumit = Owner
ADMIN: chewyy = Owner
ADMIN: kael224 = Owner
ADMIN: archaosmura = SeniorAdministrator
ADMIN: Eclipse2020 = Administrator
ADMIN: The_Skyla = SeniorAdministrator
ADMIN: SpiderBroly = SeniorAdministrator
ADMIN: Weasker193 = SeniorAdministrator
ADMIN: dante224 = Owner
All files loaded.

Shutting down. 14:13.33
---------------------



Starting up. 14:13.36
---------------------

ADMIN: mumit = Owner
ADMIN: chewyy = Owner
ADMIN: kael224 = Owner
ADMIN: archaosmura = SeniorAdministrator
ADMIN: Eclipse2020 = Administrator
ADMIN: The_Skyla = SeniorAdministrator
ADMIN: SpiderBroly = SeniorAdministrator
ADMIN: Weasker193 = SeniorAdministrator
ADMIN: dante224 = Owner
All files loaded.

Shutting down. 14:20.31
---------------------



Starting up. 14:42.36
---------------------

ADMIN: mumit = Owner
ADMIN: chewyy = Owner
ADMIN: kael224 = Owner
ADMIN: archaosmura = SeniorAdministrator
ADMIN: Eclipse2020 = Administrator
ADMIN: The_Skyla = SeniorAdministrator
ADMIN: SpiderBroly = SeniorAdministrator
ADMIN: Weasker193 = SeniorAdministrator
ADMIN: dante224 = Owner
All files loaded.

Shutting down. 14:56.22
---------------------



Starting up. 14:56.54
---------------------

ADMIN: mumit = Owner
ADMIN: chewyy = Owner
ADMIN: kael224 = Owner
ADMIN: archaosmura = SeniorAdministrator
ADMIN: Eclipse2020 = Administrator
ADMIN: The_Skyla = SeniorAdministrator
ADMIN: SpiderBroly = SeniorAdministrator
ADMIN: Weasker193 = SeniorAdministrator
ADMIN: dante224 = Owner
All files loaded.

Shutting down. 14:59.24
---------------------



Starting up. 14:59.27
---------------------

ADMIN: mumit = Owner
ADMIN: chewyy = Owner
ADMIN: kael224 = Owner
ADMIN: archaosmura = SeniorAdministrator
ADMIN: Eclipse2020 = Administrator
ADMIN: The_Skyla = SeniorAdministrator
ADMIN: SpiderBroly = SeniorAdministrator
ADMIN: Weasker193 = SeniorAdministrator
ADMIN: dante224 = Owner
All files loaded.

Shutting down. 15:05.40
---------------------



Starting up. 15:05.59
---------------------

ADMIN: mumit = Owner
ADMIN: chewyy = Owner
ADMIN: kael224 = Owner
ADMIN: archaosmura = SeniorAdministrator
ADMIN: Eclipse2020 = Administrator
ADMIN: The_Skyla = SeniorAdministrator
ADMIN: SpiderBroly = SeniorAdministrator
ADMIN: Weasker193 = SeniorAdministrator
ADMIN: dante224 = Owner
All files loaded.

Shutting down. 15:14.09
---------------------



Starting up. 15:14.15
---------------------

ADMIN: mumit = Owner
ADMIN: chewyy = Owner
ADMIN: kael224 = Owner
ADMIN: archaosmura = SeniorAdministrator
ADMIN: Eclipse2020 = Administrator
ADMIN: The_Skyla = SeniorAdministrator
ADMIN: SpiderBroly = SeniorAdministrator
ADMIN: Weasker193 = SeniorAdministrator
ADMIN: dante224 = Owner
All files loaded.

Shutting down. 15:15.00
---------------------



Starting up. 15:15.33
---------------------

ADMIN: mumit = Owner
ADMIN: chewyy = Owner
ADMIN: kael224 = Owner
ADMIN: archaosmura = SeniorAdministrator
ADMIN: Eclipse2020 = Administrator
ADMIN: The_Skyla = SeniorAdministrator
ADMIN: SpiderBroly = SeniorAdministrator
ADMIN: Weasker193 = SeniorAdministrator
ADMIN: dante224 = Owner
All files loaded.

Shutting down. 15:19.40
---------------------



Starting up. 15:19.42
---------------------

ADMIN: mumit = Owner
ADMIN: chewyy = Owner
ADMIN: kael224 = Owner
ADMIN: archaosmura = SeniorAdministrator
ADMIN: Eclipse2020 = Administrator
ADMIN: The_Skyla = SeniorAdministrator
ADMIN: SpiderBroly = SeniorAdministrator
ADMIN: Weasker193 = SeniorAdministrator
ADMIN: dante224 = Owner
All files loaded.

Shutting down. 15:19.59
---------------------



Starting up. 15:22.15
---------------------

ADMIN: mumit = Owner
ADMIN: chewyy = Owner
ADMIN: kael224 = Owner
ADMIN: archaosmura = SeniorAdministrator
ADMIN: Eclipse2020 = Administrator
ADMIN: The_Skyla = SeniorAdministrator
ADMIN: SpiderBroly = SeniorAdministrator
ADMIN: Weasker193 = SeniorAdministrator
ADMIN: dante224 = Owner
All files loaded.

Shutting down. 15:31.42
---------------------



Starting up. 15:31.49
---------------------

ADMIN: mumit = Owner
ADMIN: chewyy = Owner
ADMIN: kael224 = Owner
ADMIN: archaosmura = SeniorAdministrator
ADMIN: Eclipse2020 = Administrator
ADMIN: The_Skyla = SeniorAdministrator
ADMIN: SpiderBroly = SeniorAdministrator
ADMIN: Weasker193 = SeniorAdministrator
ADMIN: dante224 = Owner
All files loaded.

Shutting down. 15:34.21
---------------------



Starting up. 15:34.22
---------------------

ADMIN: mumit = Owner
ADMIN: chewyy = Owner
ADMIN: kael224 = Owner
ADMIN: archaosmura = SeniorAdministrator
ADMIN: Eclipse2020 = Administrator
ADMIN: The_Skyla = SeniorAdministrator
ADMIN: SpiderBroly = SeniorAdministrator
ADMIN: Weasker193 = SeniorAdministrator
ADMIN: dante224 = Owner
All files loaded.

Shutting down. 15:36.35
---------------------



Starting up. 15:36.54
---------------------

ADMIN: mumit = Owner
ADMIN: chewyy = Owner
ADMIN: kael224 = Owner
ADMIN: archaosmura = SeniorAdministrator
ADMIN: Eclipse2020 = Administrator
ADMIN: The_Skyla = SeniorAdministrator
ADMIN: SpiderBroly = SeniorAdministrator
ADMIN: Weasker193 = SeniorAdministrator
ADMIN: dante224 = Owner
All files loaded.

Shutting down. 15:37.07
---------------------



Starting up. 15:39.23
---------------------

ADMIN: mumit = Owner
ADMIN: chewyy = Owner
ADMIN: kael224 = Owner
ADMIN: archaosmura = SeniorAdministrator
ADMIN: Eclipse2020 = Administrator
ADMIN: The_Skyla = SeniorAdministrator
ADMIN: SpiderBroly = SeniorAdministrator
ADMIN: Weasker193 = SeniorAdministrator
ADMIN: dante224 = Owner
All files loaded.

Shutting down. 15:39.58
---------------------



Starting up. 15:40.24
---------------------

ADMIN: mumit = Owner
ADMIN: chewyy = Owner
ADMIN: kael224 = Owner
ADMIN: archaosmura = SeniorAdministrator
ADMIN: Eclipse2020 = Administrator
ADMIN: The_Skyla = SeniorAdministrator
ADMIN: SpiderBroly = SeniorAdministrator
ADMIN: Weasker193 = SeniorAdministrator
ADMIN: dante224 = Owner
All files loaded.

Shutting down. 15:43.36
---------------------



Starting up. 15:44.23
---------------------

ADMIN: mumit = Owner
ADMIN: chewyy = Owner
ADMIN: kael224 = Owner
ADMIN: archaosmura = SeniorAdministrator
ADMIN: Eclipse2020 = Administrator
ADMIN: The_Skyla = SeniorAdministrator
ADMIN: SpiderBroly = SeniorAdministrator
ADMIN: Weasker193 = SeniorAdministrator
ADMIN: dante224 = Owner
All files loaded.

Shutting down. 15:46.54
---------------------



Starting up. 15:47.17
---------------------

ADMIN: mumit = Owner
ADMIN: chewyy = Owner
ADMIN: kael224 = Owner
ADMIN: archaosmura = SeniorAdministrator
ADMIN: Eclipse2020 = Administrator
ADMIN: The_Skyla = SeniorAdministrator
ADMIN: SpiderBroly = SeniorAdministrator
ADMIN: Weasker193 = SeniorAdministrator
ADMIN: dante224 = Owner
All files loaded.

Shutting down. 15:48.57
---------------------



Starting up. 15:49.59
---------------------

ADMIN: mumit = Owner
ADMIN: chewyy = Owner
ADMIN: kael224 = Owner
ADMIN: archaosmura = SeniorAdministrator
ADMIN: Eclipse2020 = Administrator
ADMIN: The_Skyla = SeniorAdministrator
ADMIN: SpiderBroly = SeniorAdministrator
ADMIN: Weasker193 = SeniorAdministrator
ADMIN: dante224 = Owner
All files loaded.

Shutting down. 15:50.41
---------------------



Starting up. 15:51.31
---------------------

ADMIN: mumit = Owner
ADMIN: chewyy = Owner
ADMIN: kael224 = Owner
ADMIN: archaosmura = SeniorAdministrator
ADMIN: Eclipse2020 = Administrator
ADMIN: The_Skyla = SeniorAdministrator
ADMIN: SpiderBroly = SeniorAdministrator
ADMIN: Weasker193 = SeniorAdministrator
ADMIN: dante224 = Owner
All files loaded.

Shutting down. 15:54.43
---------------------



Starting up. 15:54.48
---------------------

ADMIN: mumit = Owner
ADMIN: chewyy = Owner
ADMIN: kael224 = Owner
ADMIN: archaosmura = SeniorAdministrator
ADMIN: Eclipse2020 = Administrator
ADMIN: The_Skyla = SeniorAdministrator
ADMIN: SpiderBroly = SeniorAdministrator
ADMIN: Weasker193 = SeniorAdministrator
ADMIN: dante224 = Owner
All files loaded.

Shutting down. 15:55.14
---------------------



Starting up. 17:11.15
---------------------

ADMIN: mumit = Owner
ADMIN: chewyy = Owner
ADMIN: kael224 = Owner
ADMIN: archaosmura = SeniorAdministrator
ADMIN: Eclipse2020 = Administrator
ADMIN: The_Skyla = SeniorAdministrator
ADMIN: SpiderBroly = SeniorAdministrator
ADMIN: Weasker193 = SeniorAdministrator
ADMIN: dante224 = Owner
All files loaded.

Shutting down. 17:11.51
---------------------



Starting up. 17:15.45
---------------------

ADMIN: mumit = Owner
ADMIN: chewyy = Owner
ADMIN: kael224 = Owner
ADMIN: archaosmura = SeniorAdministrator
ADMIN: Eclipse2020 = Administrator
ADMIN: The_Skyla = SeniorAdministrator
ADMIN: SpiderBroly = SeniorAdministrator
ADMIN: Weasker193 = SeniorAdministrator
ADMIN: dante224 = Owner
All files loaded.

Shutting down. 17:17.13
---------------------



Starting up. 17:33.55
---------------------

ADMIN: mumit = Owner
ADMIN: chewyy = Owner
ADMIN: kael224 = Owner
ADMIN: archaosmura = SeniorAdministrator
ADMIN: Eclipse2020 = Administrator
ADMIN: The_Skyla = SeniorAdministrator
ADMIN: SpiderBroly = SeniorAdministrator
ADMIN: Weasker193 = SeniorAdministrator
ADMIN: dante224 = Owner
All files loaded.

Shutting down. 17:36.05
---------------------



Starting up. 22:23.55
---------------------

ADMIN: mumit = Owner
ADMIN: chewyy = Owner
ADMIN: kael224 = Owner
ADMIN: archaosmura = SeniorAdministrator
ADMIN: Eclipse2020 = Administrator
ADMIN: The_Skyla = SeniorAdministrator
ADMIN: SpiderBroly = SeniorAdministrator
ADMIN: Weasker193 = SeniorAdministrator
ADMIN: dante224 = Owner
All files loaded.

Shutting down. 22:25.23
---------------------



Starting up. 22:27.13
---------------------

ADMIN: mumit = Owner
ADMIN: chewyy = Owner
ADMIN: kael224 = Owner
ADMIN: archaosmura = SeniorAdministrator
ADMIN: Eclipse2020 = Administrator
ADMIN: The_Skyla = SeniorAdministrator
ADMIN: SpiderBroly = SeniorAdministrator
ADMIN: Weasker193 = SeniorAdministrator
ADMIN: dante224 = Owner
All files loaded.

Shutting down. 22:27.53
---------------------

