

Starting up. 09:52.27
---------------------

ADMIN: mumit = Owner
ADMIN: chewyy = Owner
ADMIN: kael224 = Owner
ADMIN: archaosmura = SeniorAdministrator
ADMIN: Eclipse2020 = Administrator
ADMIN: The_Skyla = SeniorAdministrator
ADMIN: SpiderBroly = SeniorAdministrator
ADMIN: Weasker193 = SeniorAdministrator
09:52.28 Server is still running.
All files loaded.

Shutting down. 09:52.57
---------------------



Starting up. 10:04.47
---------------------

ADMIN: mumit = Owner
ADMIN: chewyy = Owner
ADMIN: kael224 = Owner
ADMIN: archaosmura = SeniorAdministrator
ADMIN: Eclipse2020 = Administrator
ADMIN: The_Skyla = SeniorAdministrator
ADMIN: SpiderBroly = SeniorAdministrator
ADMIN: Weasker193 = SeniorAdministrator
10:04.47 Server is still running.
All files loaded.

Shutting down. 10:14.10
---------------------



Starting up. 10:17.05
---------------------

ADMIN: mumit = Owner
ADMIN: chewyy = Owner
ADMIN: kael224 = Owner
ADMIN: archaosmura = SeniorAdministrator
ADMIN: Eclipse2020 = Administrator
ADMIN: The_Skyla = SeniorAdministrator
ADMIN: SpiderBroly = SeniorAdministrator
ADMIN: Weasker193 = SeniorAdministrator
10:17.06 Server is still running.
All files loaded.

Shutting down. 10:23.21
---------------------



Starting up. 10:30.22
---------------------

ADMIN: mumit = Owner
ADMIN: chewyy = Owner
ADMIN: kael224 = Owner
ADMIN: archaosmura = SeniorAdministrator
ADMIN: Eclipse2020 = Administrator
ADMIN: The_Skyla = SeniorAdministrator
ADMIN: SpiderBroly = SeniorAdministrator
ADMIN: Weasker193 = SeniorAdministrator
All files loaded.

Shutting down. 10:32.45
---------------------



Starting up. 10:43.07
---------------------

ADMIN: mumit = Owner
ADMIN: chewyy = Owner
ADMIN: kael224 = Owner
ADMIN: archaosmura = SeniorAdministrator
ADMIN: Eclipse2020 = Administrator
ADMIN: The_Skyla = SeniorAdministrator
ADMIN: SpiderBroly = SeniorAdministrator
ADMIN: Weasker193 = SeniorAdministrator
All files loaded.

Shutting down. 11:09.17
---------------------



Starting up. 11:42.26
---------------------

ADMIN: mumit = Owner
ADMIN: chewyy = Owner
ADMIN: kael224 = Owner
ADMIN: archaosmura = SeniorAdministrator
ADMIN: Eclipse2020 = Administrator
ADMIN: The_Skyla = SeniorAdministrator
ADMIN: SpiderBroly = SeniorAdministrator
ADMIN: Weasker193 = SeniorAdministrator
All files loaded.

Shutting down. 11:43.52
---------------------



Starting up. 11:48.16
---------------------

ADMIN: mumit = Owner
ADMIN: chewyy = Owner
ADMIN: kael224 = Owner
ADMIN: archaosmura = SeniorAdministrator
ADMIN: Eclipse2020 = Administrator
ADMIN: The_Skyla = SeniorAdministrator
ADMIN: SpiderBroly = SeniorAdministrator
ADMIN: Weasker193 = SeniorAdministrator
All files loaded.

Shutting down. 11:51.17
---------------------



Starting up. 19:41.53
---------------------

ADMIN: mumit = Owner
ADMIN: chewyy = Owner
ADMIN: kael224 = Owner
ADMIN: archaosmura = SeniorAdministrator
ADMIN: Eclipse2020 = Administrator
ADMIN: The_Skyla = SeniorAdministrator
ADMIN: SpiderBroly = SeniorAdministrator
ADMIN: Weasker193 = SeniorAdministrator
All files loaded.

Shutting down. 20:46.50
---------------------



Starting up. 20:46.55
---------------------

ADMIN: mumit = Owner
ADMIN: chewyy = Owner
ADMIN: kael224 = Owner
ADMIN: archaosmura = SeniorAdministrator
ADMIN: Eclipse2020 = Administrator
ADMIN: The_Skyla = SeniorAdministrator
ADMIN: SpiderBroly = SeniorAdministrator
ADMIN: Weasker193 = SeniorAdministrator
All files loaded.

Shutting down. 22:15.21
---------------------



Starting up. 22:16.18
---------------------

ADMIN: mumit = Owner
ADMIN: chewyy = Owner
ADMIN: kael224 = Owner
ADMIN: archaosmura = SeniorAdministrator
ADMIN: Eclipse2020 = Administrator
ADMIN: The_Skyla = SeniorAdministrator
ADMIN: SpiderBroly = SeniorAdministrator
ADMIN: Weasker193 = SeniorAdministrator
All files loaded.

Shutting down. 22:17.06
---------------------



Starting up. 22:17.26
---------------------

ADMIN: mumit = Owner
ADMIN: chewyy = Owner
ADMIN: kael224 = Owner
ADMIN: archaosmura = SeniorAdministrator
ADMIN: Eclipse2020 = Administrator
ADMIN: The_Skyla = SeniorAdministrator
ADMIN: SpiderBroly = SeniorAdministrator
ADMIN: Weasker193 = SeniorAdministrator
All files loaded.

Shutting down. 22:20.52
---------------------



Starting up. 23:08.36
---------------------

ADMIN: mumit = Owner
ADMIN: chewyy = Owner
ADMIN: kael224 = Owner
ADMIN: archaosmura = SeniorAdministrator
ADMIN: Eclipse2020 = Administrator
ADMIN: The_Skyla = SeniorAdministrator
ADMIN: SpiderBroly = SeniorAdministrator
ADMIN: Weasker193 = SeniorAdministrator
All files loaded.


Starting up. 23:15.58
---------------------

ADMIN: mumit = Owner
ADMIN: chewyy = Owner
ADMIN: kael224 = Owner
ADMIN: archaosmura = SeniorAdministrator
ADMIN: Eclipse2020 = Administrator
ADMIN: The_Skyla = SeniorAdministrator
ADMIN: SpiderBroly = SeniorAdministrator
ADMIN: Weasker193 = SeniorAdministrator
All files loaded.

Shutting down. 23:33.41
---------------------

