<hr>Year - 2, Time - 2024-02-18 18:04:50<br> Kael224 set the year to Week 1 of February, Year 2
<hr>Year - 2, Time - 2024-02-18 18:05:27<br> Kael224/(Kael) begins to edit Kael224/(Kael).
<hr>Year - 2, Time - 2024-02-18 18:05:27<br> Kael224/(Kael) begins to edit Kael.
<hr>Year - 2, Time - 2024-02-18 18:05:33<br> Kael224/(Kael) begins to edit Kael.
<hr>Year - 2, Time - 2024-02-18 18:05:52<br> Kael224/(Kael) begins to edit Kael.
<hr>Year - 2, Time - 2024-02-18 18:05:55<br> Kael224/(Kael) begins to edit Kael.
<hr>Year - 2, Time - 2024-02-18 18:05:57<br> Kael224 modified Kael's SkillPointsT1 1 (Num) to 0 (Num)
<hr>Year - 2, Time - 2024-02-18 18:06:06<br> Kael224/(Kael) begins to edit Kael224/(Kael).
<hr>Year - 2, Time - 2024-02-18 18:06:06<br> Kael224/(Kael) begins to edit Kael.
<hr>Year - 2, Time - 2024-02-18 18:06:11<br> Kael224/(Kael) begins to edit Kael.
<hr>Year - 2, Time - 2024-02-18 18:06:15<br> Kael224/(Kael) begins to edit Kael.
<hr>Year - 2, Time - 2024-02-18 18:06:45<br> Kael224/(Kael) begins to edit Kael224/(Kael).
<hr>Year - 2, Time - 2024-02-18 18:06:45<br> Kael224/(Kael) begins to edit Kael.
<hr>Year - 0, Time - 2024-02-18 18:08:07<br> Kael224/(Kael) begins to edit *invalid:/Skill/Unarmed/Headbutt*.
<hr>Year - 0, Time - 2024-02-18 18:08:07<br> Kael224/(Kael) begins to edit Headbutt.
<hr>Year - 0, Time - 2024-02-18 18:09:28<br> Kael224/(Kael) deleted BurningFists
<hr>Year - 0, Time - 2024-02-18 18:09:30<br> Kael224/(Kael) deleted Block
<hr>Year - 0, Time - 2024-02-18 18:09:33<br> Kael224/(Kael) deleted PressurePunch
<hr>Year - 0, Time - 2024-02-18 18:09:39<br> Kael224/(Kael) deleted BurningFists
<hr>Year - 0, Time - 2024-02-18 18:09:40<br> Kael224/(Kael) deleted Block
<hr>Year - 0, Time - 2024-02-18 18:09:42<br> Kael224/(Kael) deleted BurningFists
<hr>Year - 0, Time - 2024-02-18 18:09:46<br> Kael224/(Kael) deleted Unarmed
<hr>Year - 0, Time - 2024-02-18 18:09:47<br> Kael224/(Kael) deleted Unarmed
<hr>Year - 0, Time - 2024-02-18 18:09:49<br> Kael224/(Kael) deleted Block
<hr>Year - 0, Time - 2024-02-18 18:14:24<br> Kael224/(Kael) begins to edit Kael224/(Kael).
<hr>Year - 0, Time - 2024-02-18 18:14:24<br> Kael224/(Kael) begins to edit Kael.
<hr>Year - 0, Time - 2024-02-18 18:14:39<br> Kael224/(Kael) begins to edit Kael.
<hr>Year - 2, Time - 2024-02-18 18:16:16<br> Kael224 set the year to Week 1 of February, Year 2
<hr>Year - 2, Time - 2024-02-18 18:16:20<br> Kael224/(Kael) initiated a world save.
<hr>Year - 2, Time - 2024-02-18 18:16:54<br> Kael224/(Kael) begins to edit *invalid:/Skill/Unarmed/DashAttack*.
<hr>Year - 2, Time - 2024-02-18 18:16:54<br> Kael224/(Kael) begins to edit DashAttack.
<hr>Year - 2, Time - 2024-02-18 18:22:39<br> Kael224/(Kael) begins to edit Kael224/(Kael).
<hr>Year - 2, Time - 2024-02-18 18:22:39<br> Kael224/(Kael) begins to edit Kael.
<hr>Year - 2, Time - 2024-02-18 18:22:47<br> Kael224/(Kael) begins to edit Kael.
<hr>Year - 2, Time - 2024-02-18 18:25:56<br> Kael224/(Kael) begins to edit *invalid:/Skill/Unarmed/DashAttack*.
<hr>Year - 2, Time - 2024-02-18 18:25:56<br> Kael224/(Kael) begins to edit DashAttack.
<hr>Year - 2, Time - 2024-02-18 18:52:59<br> Kael224/(Kael) begins to edit Kael224/(Kael).
<hr>Year - 2, Time - 2024-02-18 18:52:59<br> Kael224/(Kael) begins to edit Kael.
<hr>Year - 2, Time - 2024-02-18 18:53:32<br> Kael224/(Kael) begins to edit *invalid:/Skill/Unarmed/Block*.
<hr>Year - 2, Time - 2024-02-18 18:53:33<br> Kael224/(Kael) begins to edit Block.
<hr>Year - 2, Time - 2024-02-18 19:21:49<br> Kael224/(Kael) begins to edit *invalid:/Skill/Unarmed/TelekineticPull*.
<hr>Year - 2, Time - 2024-02-18 19:21:49<br> Kael224/(Kael) begins to edit TelekineticPull.
<hr>Year - 2, Time - 2024-02-18 19:23:48<br> Kael224/(Kael) begins to edit *invalid:/Skill/Unarmed/TelekineticPull*.
<hr>Year - 2, Time - 2024-02-18 19:23:48<br> Kael224/(Kael) begins to edit TelekineticPull.
<hr>Year - 2, Time - 2024-02-18 20:34:58<br> Kael224/(Kael) begins to edit Kael224/(Kael).
<hr>Year - 2, Time - 2024-02-18 20:34:58<br> Kael224/(Kael) begins to edit Kael.
<hr>Year - 4, Time - 2024-02-18 20:36:42<br> Kael224 set the year to Week 1 of February, Year 4
<hr>Year - 4, Time - 2024-02-18 20:38:05<br> Kael224/(Kael) begins to edit Kael.
<hr>Year - 4, Time - 2024-02-18 20:38:12<br> Kael224/(Kael) begins to edit Kael.
