

Starting up. 18:22.02
---------------------

ADMIN: mumit = Owner
ADMIN: kael224 = Owner
ADMIN: The_Skyla = SeniorAdministrator

Shutting down. 18:22.08
---------------------



Starting up. 18:22.26
---------------------

ADMIN: mumit = Owner
ADMIN: kael224 = Owner
ADMIN: The_Skyla = SeniorAdministrator

Shutting down. 18:24.39
---------------------



Starting up. 18:24.42
---------------------

ADMIN: mumit = Owner
ADMIN: kael224 = Owner
ADMIN: The_Skyla = SeniorAdministrator

Shutting down. 18:31.12
---------------------



Starting up. 18:31.39
---------------------

ADMIN: mumit = Owner
ADMIN: kael224 = Owner
ADMIN: The_Skyla = SeniorAdministrator

Shutting down. 18:37.00
---------------------



Starting up. 18:42.07
---------------------

ADMIN: mumit = Owner
ADMIN: kael224 = Owner
ADMIN: The_Skyla = SeniorAdministrator

Shutting down. 18:43.31
---------------------



Starting up. 18:46.06
---------------------

ADMIN: mumit = Owner
ADMIN: kael224 = Owner
ADMIN: The_Skyla = SeniorAdministrator

Shutting down. 18:48.02
---------------------



Starting up. 18:48.45
---------------------

ADMIN: mumit = Owner
ADMIN: kael224 = Owner
ADMIN: The_Skyla = SeniorAdministrator

Shutting down. 20:29.20
---------------------

