

Starting up. 10:16.02
---------------------

ADMIN: mumit = Owner
ADMIN: kael224 = Owner
ADMIN: The_Skyla = SeniorAdministrator

Shutting down. 10:18.07
---------------------



Starting up. 10:18.58
---------------------

ADMIN: mumit = Owner
ADMIN: kael224 = Owner
ADMIN: The_Skyla = SeniorAdministrator

Shutting down. 10:19.27
---------------------



Starting up. 10:19.41
---------------------

ADMIN: mumit = Owner
ADMIN: kael224 = Owner
ADMIN: The_Skyla = SeniorAdministrator

Shutting down. 10:20.51
---------------------



Starting up. 10:21.42
---------------------

ADMIN: mumit = Owner
ADMIN: kael224 = Owner
ADMIN: The_Skyla = SeniorAdministrator

Shutting down. 10:21.58
---------------------



Starting up. 10:22.10
---------------------

ADMIN: mumit = Owner
ADMIN: kael224 = Owner
ADMIN: The_Skyla = SeniorAdministrator

Shutting down. 10:22.55
---------------------



Starting up. 10:23.06
---------------------

ADMIN: mumit = Owner
ADMIN: kael224 = Owner
ADMIN: The_Skyla = SeniorAdministrator

Shutting down. 10:23.08
---------------------



Starting up. 10:23.20
---------------------

ADMIN: mumit = Owner
ADMIN: kael224 = Owner
ADMIN: The_Skyla = SeniorAdministrator

Shutting down. 10:24.04
---------------------



Starting up. 10:24.16
---------------------

ADMIN: mumit = Owner
ADMIN: kael224 = Owner
ADMIN: The_Skyla = SeniorAdministrator

Shutting down. 10:26.50
---------------------



Starting up. 10:26.56
---------------------

ADMIN: mumit = Owner
ADMIN: kael224 = Owner
ADMIN: The_Skyla = SeniorAdministrator

Shutting down. 10:27.17
---------------------



Starting up. 10:43.15
---------------------

ADMIN: mumit = Owner
ADMIN: kael224 = Owner
ADMIN: The_Skyla = SeniorAdministrator

Shutting down. 10:45.41
---------------------



Starting up. 10:45.50
---------------------

ADMIN: mumit = Owner
ADMIN: kael224 = Owner
ADMIN: The_Skyla = SeniorAdministrator

Shutting down. 10:46.40
---------------------



Starting up. 10:51.09
---------------------

ADMIN: mumit = Owner
ADMIN: kael224 = Owner
ADMIN: The_Skyla = SeniorAdministrator

Shutting down. 11:01.33
---------------------



Starting up. 11:01.56
---------------------

ADMIN: mumit = Owner
ADMIN: kael224 = Owner
ADMIN: The_Skyla = SeniorAdministrator

Shutting down. 11:02.52
---------------------



Starting up. 11:02.55
---------------------

ADMIN: mumit = Owner
ADMIN: kael224 = Owner
ADMIN: The_Skyla = SeniorAdministrator

Shutting down. 11:07.07
---------------------



Starting up. 11:12.58
---------------------

ADMIN: mumit = Owner
ADMIN: kael224 = Owner
ADMIN: The_Skyla = SeniorAdministrator

Shutting down. 11:13.02
---------------------



Starting up. 11:13.06
---------------------

ADMIN: mumit = Owner
ADMIN: kael224 = Owner
ADMIN: The_Skyla = SeniorAdministrator

Shutting down. 11:16.14
---------------------



Starting up. 11:16.21
---------------------

ADMIN: mumit = Owner
ADMIN: kael224 = Owner
ADMIN: The_Skyla = SeniorAdministrator

Shutting down. 11:20.07
---------------------



Starting up. 11:20.20
---------------------

ADMIN: mumit = Owner
ADMIN: kael224 = Owner
ADMIN: The_Skyla = SeniorAdministrator

Shutting down. 11:30.16
---------------------



Starting up. 11:32.13
---------------------

ADMIN: mumit = Owner
ADMIN: kael224 = Owner
ADMIN: The_Skyla = SeniorAdministrator

Shutting down. 11:34.02
---------------------



Starting up. 11:47.25
---------------------

ADMIN: mumit = Owner
ADMIN: kael224 = Owner
ADMIN: The_Skyla = SeniorAdministrator

Shutting down. 11:56.53
---------------------



Starting up. 11:56.58
---------------------

ADMIN: mumit = Owner
ADMIN: kael224 = Owner
ADMIN: The_Skyla = SeniorAdministrator

Shutting down. 11:58.31
---------------------



Starting up. 11:58.33
---------------------

ADMIN: mumit = Owner
ADMIN: kael224 = Owner
ADMIN: The_Skyla = SeniorAdministrator

Shutting down. 12:05.56
---------------------



Starting up. 12:06.00
---------------------

ADMIN: mumit = Owner
ADMIN: kael224 = Owner
ADMIN: The_Skyla = SeniorAdministrator

Shutting down. 12:12.22
---------------------



Starting up. 12:13.01
---------------------

ADMIN: mumit = Owner
ADMIN: kael224 = Owner
ADMIN: The_Skyla = SeniorAdministrator

Shutting down. 16:50.53
---------------------

